[38;5;112m[Appium][0m Welcome to Appium v2.11.1
[38;5;112m[Appium][0m Non-default server args:
[38;5;112m[Appium][0m { basePath: [32m'/wd/hub'[39m, loglevel: [32m'info'[39m, port: [33m63964[39m }
[38;5;112m[Appium][0m Attempting to load driver uiautomator2...
[38;5;112m[Appium][0m Appium REST http interface listener started on http://0.0.0.0:63964/wd/hub
[38;5;112m[Appium][0m You can provide the following URLs in your client code to connect to this server:
	http://172.17.32.1:63964/wd/hub
	http://10.10.0.55:63964/wd/hub
	http://127.0.0.1:63964/wd/hub (only accessible from the same host)
[38;5;112m[Appium][0m Available drivers:
[38;5;112m[Appium][0m   - uiautomator2@3.7.1 (automationName 'UiAutomator2')
[38;5;112m[Appium][0m No plugins have been installed. Use the "appium plugin" command to install the one(s) you want to use.
[38;5;86m[HTTP][0m [37m-->[39m [37mGET[39m [37m/wd/hub/status[39m [90m{}[39m
[38;5;86m[HTTP][0m [37m<-- GET /wd/hub/status [39m[32m200[39m [90m6 ms - 111[39m [90m[39m
[38;5;86m[HTTP][0m [37m-->[39m [37mGET[39m [37m/wd/hub/status[39m [90m{}[39m
[38;5;86m[HTTP][0m [37m<-- GET /wd/hub/status [39m[32m200[39m [90m2 ms - 111[39m [90m[39m
[38;5;86m[HTTP][0m [37m-->[39m [37mPOST[39m [37m/wd/hub/session[39m [90m{"desiredCapabilities":{"appium:systemPort":8263,"appium:udid":"emulator-5554","appium:autoGrantPermissions":true,"appium:newCommandTimeout":1800,"appium:platformName":"ANDROID","appium:appActivity":".Settings","appium:deviceName":"emulator-5554 (sdk_gphone_x86 - Android 11)","platformName":"Android","appium:automationName":"uiautomator2","appium:platformVersion":"11","appium:appPackage":"com.android.settings"},"capabilities":{"firstMatch":[{"appium:appActivity":".Settings","appium:appPackage":"com.android.settings","appium:autoGrantPermissions":true,"appium:automationName":"uiautomator2","appium:deviceName":"emulator-5554 (sdk_gphone_x86 - Android 11)","appium:newCommandTimeout":1800,"appium:platformName":"ANDROID","appium:platformVersion":"11","appium:systemPort":8263,"appium:udid":"emulator-5554","platformName":"android"}]}}[39m
[38;5;123m[BaseDriver][0m Ignoring capability 'appium:platformName=ANDROID' and using capability 'platformName=android'
[38;5;123m[BaseDriver][0m The capabilities ["platformName"] are standard capabilities and do not require "appium:" prefix
[38;5;112m[Appium][0m Attempting to find matching driver for automationName 'uiautomator2' and platformName 'android'
[38;5;112m[Appium][0m The 'uiautomator2' driver was installed and matched caps.
[38;5;112m[Appium][0m Will require it at C:\Users\shiva\.appium\node_modules\appium-uiautomator2-driver
[38;5;62m[AppiumDriver@f0db][0m Appium v2.11.1 creating new AndroidUiautomator2Driver (v3.7.1) session
[38;5;62m[AppiumDriver@f0db][0m Checking BaseDriver versions for Appium and AndroidUiautomator2Driver
[38;5;62m[AppiumDriver@f0db][0m Appium's BaseDriver version is 9.11.1
[38;5;62m[AppiumDriver@f0db][0m AndroidUiautomator2Driver's BaseDriver version is 9.11.1
[38;5;46m[22e5c595][0m[38;5;-186m[AndroidUiautomator2Driver@49d6][0m Session created with session id: 22e5c595-110d-457b-b0b1-677227751200
[38;5;46m[22e5c595][0m[38;5;229m[ADB][0m Found 1 'build-tools' folders under 'C:\Users\shiva\.katalon\tools\android_sdk' (newest first):
[38;5;46m[22e5c595][0m[38;5;229m[ADB][0m     C:\Users\shiva\.katalon\tools\android_sdk\build-tools\29.0.3
[38;5;46m[22e5c595][0m[38;5;229m[ADB][0m Using 'adb.exe' from 'C:\Users\shiva\.katalon\tools\android_sdk\platform-tools\adb.exe'
[38;5;46m[22e5c595][0m[38;5;-186m[AndroidUiautomator2Driver@49d6][0m Retrieving device list
[38;5;46m[22e5c595][0m[38;5;-186m[AndroidUiautomator2Driver@49d6][0m Using device: emulator-5554
[38;5;46m[22e5c595][0m[38;5;229m[ADB][0m Using 'adb.exe' from 'C:\Users\shiva\.katalon\tools\android_sdk\platform-tools\adb.exe'
[38;5;46m[22e5c595][0m[38;5;-186m[AndroidUiautomator2Driver@49d6][0m Starting 'com.android.settings' directly on the device
[38;5;46m[22e5c595][0m[38;5;229m[ADB][0m Getting device platform version
[38;5;46m[22e5c595][0m[38;5;-186m[AndroidUiautomator2Driver@49d6][0m Relaxing hidden api policy
[38;5;46m[22e5c595][0m[38;5;-186m[AndroidUiautomator2Driver@49d6][0m No app sent in, not parsing package/activity
[38;5;46m[22e5c595][0m[38;5;-186m[AndroidUiautomator2Driver@49d6][0m Server packages are not going to be (re)installed
[38;5;46m[22e5c595][0m[38;5;229m[ADB][0m Adding packages ["io.appium.settings","io.appium.uiautomator2.server","io.appium.uiautomator2.server.test"] to Doze whitelist
[38;5;46m[22e5c595][0m[38;5;-186m[AndroidUiautomator2Driver@49d6][0m Starting UIAutomator2 server 7.0.18
[38;5;46m[22e5c595][0m[38;5;-186m[AndroidUiautomator2Driver@49d6][0m Using UIAutomator2 server from 'C:\Users\shiva\.appium\node_modules\appium-uiautomator2-driver\node_modules\appium-uiautomator2-server\apks\appium-uiautomator2-server-v7.0.18.apk' and test from 'C:\Users\shiva\.appium\node_modules\appium-uiautomator2-driver\node_modules\appium-uiautomator2-server\apks\appium-uiautomator2-server-debug-androidTest.apk'
[38;5;46m[22e5c595][0m[38;5;-186m[AndroidUiautomator2Driver@49d6][0m Waiting up to 30000ms for UiAutomator2 to be online...
[38;5;46m[22e5c595][0m[38;5;-186m[AndroidUiautomator2Driver@49d6][0m socket hang up
[38;5;46m[22e5c595][0m[38;5;-186m[AndroidUiautomator2Driver@49d6][0m socket hang up
[38;5;46m[22e5c595][0m[38;5;-186m[AndroidUiautomator2Driver@49d6][0m Determined the downstream protocol as 'W3C'
[38;5;46m[22e5c595][0m[38;5;-186m[AndroidUiautomator2Driver@49d6][0m Screen already unlocked, doing nothing
[38;5;46m[22e5c595][0m[38;5;-186m[AndroidUiautomator2Driver@49d6][0m Starting 'com.android.settings/.Settings and waiting for 'com.android.settings/.Settings'
[38;5;46m[22e5c595][0m[38;5;62m[AppiumDriver@f0db][0m New AndroidUiautomator2Driver session created successfully, session 22e5c595-110d-457b-b0b1-677227751200 added to master session list
[38;5;46m[22e5c595][0m[38;5;86m[HTTP][0m [37m<-- POST /wd/hub/session [39m[32m200[39m [90m4940 ms - 1116[39m [90m[39m
[38;5;46m[22e5c595][0m[38;5;86m[HTTP][0m [37m-->[39m [37mGET[39m [37m/wd/hub/session/22e5c595-110d-457b-b0b1-677227751200[39m [90m{}[39m
[38;5;46m[22e5c595][0m[38;5;86m[HTTP][0m [37m<-- GET /wd/hub/session/22e5c595-110d-457b-b0b1-677227751200 [39m[32m200[39m [90m95 ms - 328[39m [90m[39m
[38;5;46m[22e5c595][0m[38;5;86m[HTTP][0m [37m-->[39m [37mGET[39m [37m/wd/hub/session/22e5c595-110d-457b-b0b1-677227751200[39m [90m{}[39m
[38;5;46m[22e5c595][0m[38;5;86m[HTTP][0m [37m<-- GET /wd/hub/session/22e5c595-110d-457b-b0b1-677227751200 [39m[32m200[39m [90m13 ms - 328[39m [90m[39m
[38;5;86m[HTTP][0m [37m-->[39m [37mGET[39m [37m/wd/hub/status[39m [90m{}[39m
[38;5;86m[HTTP][0m [37m<-- GET /wd/hub/status [39m[32m200[39m [90m1 ms - 111[39m [90m[39m
[38;5;46m[22e5c595][0m[38;5;86m[HTTP][0m [37m-->[39m [37mPOST[39m [37m/wd/hub/session/22e5c595-110d-457b-b0b1-677227751200/timeouts[39m [90m{"implicit":60000}[39m
[38;5;46m[22e5c595][0m[38;5;86m[HTTP][0m [37m<-- POST /wd/hub/session/22e5c595-110d-457b-b0b1-677227751200/timeouts [39m[32m200[39m [90m4 ms - 14[39m [90m[39m
[38;5;46m[22e5c595][0m[38;5;86m[HTTP][0m [37m-->[39m [37mGET[39m [37m/wd/hub/session/22e5c595-110d-457b-b0b1-677227751200/appium/device/system_bars[39m [90m{}[39m
[38;5;46m[22e5c595][0m[38;5;86m[HTTP][0m [37m<-- GET /wd/hub/session/22e5c595-110d-457b-b0b1-677227751200/appium/device/system_bars [39m[32m200[39m [90m100 ms - 152[39m [90m[39m
[38;5;46m[22e5c595][0m[38;5;86m[HTTP][0m [37m-->[39m [37mPOST[39m [37m/wd/hub/session/22e5c595-110d-457b-b0b1-677227751200/appium/device/activate_app[39m [90m{"bundleId":"id.qoin.korlantas.user.qa"}[39m
[38;5;46m[22e5c595][0m[38;5;86m[HTTP][0m [37m<-- POST /wd/hub/session/22e5c595-110d-457b-b0b1-677227751200/appium/device/activate_app [39m[32m200[39m [90m133 ms - 14[39m [90m[39m
[38;5;46m[22e5c595][0m[38;5;86m[HTTP][0m [37m-->[39m [37mGET[39m [37m/wd/hub/session/22e5c595-110d-457b-b0b1-677227751200/source[39m [90m{}[39m
[38;5;46m[22e5c595][0m[38;5;-186m[AndroidUiautomator2Driver@49d6][0m Driver proxy active, passing request on via HTTP proxy
[38;5;46m[22e5c595][0m[38;5;-186m[AndroidUiautomator2Driver@49d6][0m Replacing sessionId ad6e46f5-0e5b-43e8-a6b9-743b2874e348 with 22e5c595-110d-457b-b0b1-677227751200
[38;5;46m[22e5c595][0m[38;5;86m[HTTP][0m [37m<-- GET /wd/hub/session/22e5c595-110d-457b-b0b1-677227751200/source [39m[32m200[39m [90m673 ms - 7717[39m [90m[39m
[38;5;46m[22e5c595][0m[38;5;86m[HTTP][0m [37m-->[39m [37mGET[39m [37m/wd/hub/session/22e5c595-110d-457b-b0b1-677227751200/screenshot[39m [90m{}[39m
[38;5;46m[22e5c595][0m[38;5;86m[HTTP][0m [37m<-- GET /wd/hub/session/22e5c595-110d-457b-b0b1-677227751200/screenshot [39m[32m200[39m [90m389 ms - 284252[39m [90m[39m
[38;5;46m[22e5c595][0m[38;5;86m[HTTP][0m [37m-->[39m [37mGET[39m [37m/wd/hub/session/22e5c595-110d-457b-b0b1-677227751200/source[39m [90m{}[39m
[38;5;46m[22e5c595][0m[38;5;-186m[AndroidUiautomator2Driver@49d6][0m Driver proxy active, passing request on via HTTP proxy
[38;5;46m[22e5c595][0m[38;5;-186m[AndroidUiautomator2Driver@49d6][0m Replacing sessionId ad6e46f5-0e5b-43e8-a6b9-743b2874e348 with 22e5c595-110d-457b-b0b1-677227751200
[38;5;46m[22e5c595][0m[38;5;86m[HTTP][0m [37m<-- GET /wd/hub/session/22e5c595-110d-457b-b0b1-677227751200/source [39m[32m200[39m [90m507 ms - 7717[39m [90m[39m
[38;5;46m[22e5c595][0m[38;5;86m[HTTP][0m [37m-->[39m [37mGET[39m [37m/wd/hub/session/22e5c595-110d-457b-b0b1-677227751200/screenshot[39m [90m{}[39m
[38;5;46m[22e5c595][0m[38;5;86m[HTTP][0m [37m<-- GET /wd/hub/session/22e5c595-110d-457b-b0b1-677227751200/screenshot [39m[32m200[39m [90m277 ms - 284328[39m [90m[39m
[38;5;46m[22e5c595][0m[38;5;86m[HTTP][0m [37m-->[39m [37mPOST[39m [37m/wd/hub/session/22e5c595-110d-457b-b0b1-677227751200/timeouts[39m [90m{"implicit":1000}[39m
[38;5;46m[22e5c595][0m[38;5;86m[HTTP][0m [37m<-- POST /wd/hub/session/22e5c595-110d-457b-b0b1-677227751200/timeouts [39m[32m200[39m [90m2 ms - 14[39m [90m[39m
[38;5;46m[22e5c595][0m[38;5;86m[HTTP][0m [37m-->[39m [37mPOST[39m [37m/wd/hub/session/22e5c595-110d-457b-b0b1-677227751200/elements[39m [90m{"using":"xpath","value":"//*[@class = 'android.widget.EditText' and @resource-id = '' and (@text = '' or . = '')]"}[39m
[38;5;46m[22e5c595][0m[38;5;86m[HTTP][0m [37m<-- POST /wd/hub/session/22e5c595-110d-457b-b0b1-677227751200/elements [39m[32m200[39m [90m396 ms - 267[39m [90m[39m
[38;5;46m[22e5c595][0m[38;5;86m[HTTP][0m [37m-->[39m [37mGET[39m [37m/wd/hub/session/22e5c595-110d-457b-b0b1-677227751200/element/00000000-0000-01c0-0000-04c400000003/location[39m [90m{}[39m
[38;5;46m[22e5c595][0m[38;5;-186m[AndroidUiautomator2Driver@49d6][0m Driver proxy active, passing request on via HTTP proxy
[38;5;46m[22e5c595][0m[38;5;-186m[AndroidUiautomator2Driver@49d6][0m Replacing sessionId ad6e46f5-0e5b-43e8-a6b9-743b2874e348 with 22e5c595-110d-457b-b0b1-677227751200
[38;5;46m[22e5c595][0m[38;5;86m[HTTP][0m [37m<-- GET /wd/hub/session/22e5c595-110d-457b-b0b1-677227751200/element/00000000-0000-01c0-0000-04c400000003/location [39m[32m200[39m [90m20 ms - 79[39m [90m[39m
[38;5;46m[22e5c595][0m[38;5;86m[HTTP][0m [37m-->[39m [37mGET[39m [37m/wd/hub/session/22e5c595-110d-457b-b0b1-677227751200/element/00000000-0000-01c0-0000-04c400000003/size[39m [90m{}[39m
[38;5;46m[22e5c595][0m[38;5;-186m[AndroidUiautomator2Driver@49d6][0m Driver proxy active, passing request on via HTTP proxy
[38;5;46m[22e5c595][0m[38;5;-186m[AndroidUiautomator2Driver@49d6][0m Replacing sessionId ad6e46f5-0e5b-43e8-a6b9-743b2874e348 with 22e5c595-110d-457b-b0b1-677227751200
[38;5;46m[22e5c595][0m[38;5;86m[HTTP][0m [37m<-- GET /wd/hub/session/22e5c595-110d-457b-b0b1-677227751200/element/00000000-0000-01c0-0000-04c400000003/size [39m[32m200[39m [90m16 ms - 86[39m [90m[39m
[38;5;46m[22e5c595][0m[38;5;86m[HTTP][0m [37m-->[39m [37mGET[39m [37m/wd/hub/session/22e5c595-110d-457b-b0b1-677227751200/element/00000000-0000-01c0-0000-04c200000003/location[39m [90m{}[39m
[38;5;46m[22e5c595][0m[38;5;-186m[AndroidUiautomator2Driver@49d6][0m Driver proxy active, passing request on via HTTP proxy
[38;5;46m[22e5c595][0m[38;5;-186m[AndroidUiautomator2Driver@49d6][0m Replacing sessionId ad6e46f5-0e5b-43e8-a6b9-743b2874e348 with 22e5c595-110d-457b-b0b1-677227751200
[38;5;46m[22e5c595][0m[38;5;86m[HTTP][0m [37m<-- GET /wd/hub/session/22e5c595-110d-457b-b0b1-677227751200/element/00000000-0000-01c0-0000-04c200000003/location [39m[32m200[39m [90m23 ms - 79[39m [90m[39m
[38;5;46m[22e5c595][0m[38;5;86m[HTTP][0m [37m-->[39m [37mGET[39m [37m/wd/hub/session/22e5c595-110d-457b-b0b1-677227751200/element/00000000-0000-01c0-0000-04c200000003/size[39m [90m{}[39m
[38;5;46m[22e5c595][0m[38;5;-186m[AndroidUiautomator2Driver@49d6][0m Driver proxy active, passing request on via HTTP proxy
[38;5;46m[22e5c595][0m[38;5;-186m[AndroidUiautomator2Driver@49d6][0m Replacing sessionId ad6e46f5-0e5b-43e8-a6b9-743b2874e348 with 22e5c595-110d-457b-b0b1-677227751200
[38;5;46m[22e5c595][0m[38;5;86m[HTTP][0m [37m<-- GET /wd/hub/session/22e5c595-110d-457b-b0b1-677227751200/element/00000000-0000-01c0-0000-04c200000003/size [39m[32m200[39m [90m795 ms - 86[39m [90m[39m
[38;5;46m[22e5c595][0m[38;5;86m[HTTP][0m [37m-->[39m [37mGET[39m [37m/wd/hub/session/22e5c595-110d-457b-b0b1-677227751200/window/rect[39m [90m{}[39m
[38;5;46m[22e5c595][0m[38;5;86m[HTTP][0m [37m<-- GET /wd/hub/session/22e5c595-110d-457b-b0b1-677227751200/window/rect [39m[32m200[39m [90m14 ms - 50[39m [90m[39m
[38;5;46m[22e5c595][0m[38;5;86m[HTTP][0m [37m-->[39m [37mPOST[39m [37m/wd/hub/session/22e5c595-110d-457b-b0b1-677227751200/elements[39m [90m{"using":"xpath","value":"//*[@class = 'android.widget.EditText' and @resource-id = '' and (@text = '' or . = '')]"}[39m
[38;5;46m[22e5c595][0m[38;5;86m[HTTP][0m [37m<-- POST /wd/hub/session/22e5c595-110d-457b-b0b1-677227751200/elements [39m[32m200[39m [90m278 ms - 267[39m [90m[39m
[38;5;46m[22e5c595][0m[38;5;86m[HTTP][0m [37m-->[39m [37mGET[39m [37m/wd/hub/session/22e5c595-110d-457b-b0b1-677227751200/element/00000000-0000-01c0-0000-04c400000003/location[39m [90m{}[39m
[38;5;46m[22e5c595][0m[38;5;-186m[AndroidUiautomator2Driver@49d6][0m Driver proxy active, passing request on via HTTP proxy
[38;5;46m[22e5c595][0m[38;5;-186m[AndroidUiautomator2Driver@49d6][0m Replacing sessionId ad6e46f5-0e5b-43e8-a6b9-743b2874e348 with 22e5c595-110d-457b-b0b1-677227751200
[38;5;46m[22e5c595][0m[38;5;86m[HTTP][0m [37m<-- GET /wd/hub/session/22e5c595-110d-457b-b0b1-677227751200/element/00000000-0000-01c0-0000-04c400000003/location [39m[32m200[39m [90m18 ms - 79[39m [90m[39m
[38;5;46m[22e5c595][0m[38;5;86m[HTTP][0m [37m-->[39m [37mPOST[39m [37m/wd/hub/session/22e5c595-110d-457b-b0b1-677227751200/element/00000000-0000-01c0-0000-04c400000003/click[39m [90m{"id":"00000000-0000-01c0-0000-04c400000003"}[39m
[38;5;46m[22e5c595][0m[38;5;86m[HTTP][0m [37m<-- POST /wd/hub/session/22e5c595-110d-457b-b0b1-677227751200/element/00000000-0000-01c0-0000-04c400000003/click [39m[32m200[39m [90m91 ms - 14[39m [90m[39m
[38;5;46m[22e5c595][0m[38;5;86m[HTTP][0m [37m-->[39m [37mGET[39m [37m/wd/hub/session/22e5c595-110d-457b-b0b1-677227751200/source[39m [90m{}[39m
[38;5;46m[22e5c595][0m[38;5;-186m[AndroidUiautomator2Driver@49d6][0m Driver proxy active, passing request on via HTTP proxy
[38;5;46m[22e5c595][0m[38;5;-186m[AndroidUiautomator2Driver@49d6][0m Replacing sessionId ad6e46f5-0e5b-43e8-a6b9-743b2874e348 with 22e5c595-110d-457b-b0b1-677227751200
[38;5;46m[22e5c595][0m[38;5;86m[HTTP][0m [37m<-- GET /wd/hub/session/22e5c595-110d-457b-b0b1-677227751200/source [39m[32m200[39m [90m589 ms - 9419[39m [90m[39m
[38;5;46m[22e5c595][0m[38;5;86m[HTTP][0m [37m-->[39m [37mGET[39m [37m/wd/hub/session/22e5c595-110d-457b-b0b1-677227751200/screenshot[39m [90m{}[39m
[38;5;46m[22e5c595][0m[38;5;86m[HTTP][0m [37m<-- GET /wd/hub/session/22e5c595-110d-457b-b0b1-677227751200/screenshot [39m[32m200[39m [90m401 ms - 312108[39m [90m[39m
[38;5;46m[22e5c595][0m[38;5;86m[HTTP][0m [37m-->[39m [37mGET[39m [37m/wd/hub/session/22e5c595-110d-457b-b0b1-677227751200/source[39m [90m{}[39m
[38;5;46m[22e5c595][0m[38;5;-186m[AndroidUiautomator2Driver@49d6][0m Driver proxy active, passing request on via HTTP proxy
[38;5;46m[22e5c595][0m[38;5;-186m[AndroidUiautomator2Driver@49d6][0m Replacing sessionId ad6e46f5-0e5b-43e8-a6b9-743b2874e348 with 22e5c595-110d-457b-b0b1-677227751200
[38;5;46m[22e5c595][0m[38;5;86m[HTTP][0m [37m<-- GET /wd/hub/session/22e5c595-110d-457b-b0b1-677227751200/source [39m[32m200[39m [90m145 ms - 9419[39m [90m[39m
[38;5;46m[22e5c595][0m[38;5;86m[HTTP][0m [37m-->[39m [37mGET[39m [37m/wd/hub/session/22e5c595-110d-457b-b0b1-677227751200/screenshot[39m [90m{}[39m
[38;5;46m[22e5c595][0m[38;5;86m[HTTP][0m [37m<-- GET /wd/hub/session/22e5c595-110d-457b-b0b1-677227751200/screenshot [39m[32m200[39m [90m287 ms - 312204[39m [90m[39m
[38;5;46m[22e5c595][0m[38;5;86m[HTTP][0m [37m-->[39m [37mPOST[39m [37m/wd/hub/session/22e5c595-110d-457b-b0b1-677227751200/timeouts[39m [90m{"implicit":1000}[39m
[38;5;46m[22e5c595][0m[38;5;86m[HTTP][0m [37m<-- POST /wd/hub/session/22e5c595-110d-457b-b0b1-677227751200/timeouts [39m[32m200[39m [90m1 ms - 14[39m [90m[39m
[38;5;46m[22e5c595][0m[38;5;86m[HTTP][0m [37m-->[39m [37mPOST[39m [37m/wd/hub/session/22e5c595-110d-457b-b0b1-677227751200/elements[39m [90m{"using":"xpath","value":"//*[@class = 'android.widget.EditText' and @resource-id = '' and (@text = '' or . = '')]"}[39m
[38;5;46m[22e5c595][0m[38;5;86m[HTTP][0m [37m<-- POST /wd/hub/session/22e5c595-110d-457b-b0b1-677227751200/elements [39m[32m200[39m [90m68 ms - 139[39m [90m[39m
[38;5;46m[22e5c595][0m[38;5;86m[HTTP][0m [37m-->[39m [37mGET[39m [37m/wd/hub/session/22e5c595-110d-457b-b0b1-677227751200/element/00000000-0000-01c0-0000-04c400000003/location[39m [90m{}[39m
[38;5;46m[22e5c595][0m[38;5;-186m[AndroidUiautomator2Driver@49d6][0m Driver proxy active, passing request on via HTTP proxy
[38;5;46m[22e5c595][0m[38;5;-186m[AndroidUiautomator2Driver@49d6][0m Replacing sessionId ad6e46f5-0e5b-43e8-a6b9-743b2874e348 with 22e5c595-110d-457b-b0b1-677227751200
[38;5;46m[22e5c595][0m[38;5;86m[HTTP][0m [37m<-- GET /wd/hub/session/22e5c595-110d-457b-b0b1-677227751200/element/00000000-0000-01c0-0000-04c400000003/location [39m[32m200[39m [90m17 ms - 79[39m [90m[39m
[38;5;46m[22e5c595][0m[38;5;86m[HTTP][0m [37m-->[39m [37mGET[39m [37m/wd/hub/session/22e5c595-110d-457b-b0b1-677227751200/element/00000000-0000-01c0-0000-04c400000003/size[39m [90m{}[39m
[38;5;46m[22e5c595][0m[38;5;-186m[AndroidUiautomator2Driver@49d6][0m Driver proxy active, passing request on via HTTP proxy
[38;5;46m[22e5c595][0m[38;5;-186m[AndroidUiautomator2Driver@49d6][0m Replacing sessionId ad6e46f5-0e5b-43e8-a6b9-743b2874e348 with 22e5c595-110d-457b-b0b1-677227751200
[38;5;46m[22e5c595][0m[38;5;86m[HTTP][0m [37m<-- GET /wd/hub/session/22e5c595-110d-457b-b0b1-677227751200/element/00000000-0000-01c0-0000-04c400000003/size [39m[32m200[39m [90m16 ms - 86[39m [90m[39m
[38;5;46m[22e5c595][0m[38;5;86m[HTTP][0m [37m-->[39m [37mGET[39m [37m/wd/hub/session/22e5c595-110d-457b-b0b1-677227751200/window/rect[39m [90m{}[39m
[38;5;46m[22e5c595][0m[38;5;86m[HTTP][0m [37m<-- GET /wd/hub/session/22e5c595-110d-457b-b0b1-677227751200/window/rect [39m[32m200[39m [90m12 ms - 50[39m [90m[39m
[38;5;46m[22e5c595][0m[38;5;86m[HTTP][0m [37m-->[39m [37mPOST[39m [37m/wd/hub/session/22e5c595-110d-457b-b0b1-677227751200/elements[39m [90m{"using":"xpath","value":"//*[@class = 'android.widget.EditText' and @resource-id = '' and (@text = '' or . = '')]"}[39m
[38;5;46m[22e5c595][0m[38;5;86m[HTTP][0m [37m<-- POST /wd/hub/session/22e5c595-110d-457b-b0b1-677227751200/elements [39m[32m200[39m [90m75 ms - 139[39m [90m[39m
[38;5;46m[22e5c595][0m[38;5;86m[HTTP][0m [37m-->[39m [37mGET[39m [37m/wd/hub/session/22e5c595-110d-457b-b0b1-677227751200/element/00000000-0000-01c0-0000-04c400000003/location[39m [90m{}[39m
[38;5;46m[22e5c595][0m[38;5;-186m[AndroidUiautomator2Driver@49d6][0m Driver proxy active, passing request on via HTTP proxy
[38;5;46m[22e5c595][0m[38;5;-186m[AndroidUiautomator2Driver@49d6][0m Replacing sessionId ad6e46f5-0e5b-43e8-a6b9-743b2874e348 with 22e5c595-110d-457b-b0b1-677227751200
[38;5;46m[22e5c595][0m[38;5;86m[HTTP][0m [37m<-- GET /wd/hub/session/22e5c595-110d-457b-b0b1-677227751200/element/00000000-0000-01c0-0000-04c400000003/location [39m[32m200[39m [90m18 ms - 78[39m [90m[39m
[38;5;46m[22e5c595][0m[38;5;86m[HTTP][0m [37m-->[39m [37mPOST[39m [37m/wd/hub/session/22e5c595-110d-457b-b0b1-677227751200/element/00000000-0000-01c0-0000-04c400000003/clear[39m [90m{"id":"00000000-0000-01c0-0000-04c400000003"}[39m
[38;5;46m[22e5c595][0m[38;5;86m[HTTP][0m [37m<-- POST /wd/hub/session/22e5c595-110d-457b-b0b1-677227751200/element/00000000-0000-01c0-0000-04c400000003/clear [39m[32m200[39m [90m20 ms - 14[39m [90m[39m
[38;5;46m[22e5c595][0m[38;5;86m[HTTP][0m [37m-->[39m [37mPOST[39m [37m/wd/hub/session/22e5c595-110d-457b-b0b1-677227751200/element/00000000-0000-01c0-0000-04c400000003/click[39m [90m{"id":"00000000-0000-01c0-0000-04c400000003"}[39m
[38;5;46m[22e5c595][0m[38;5;86m[HTTP][0m [37m<-- POST /wd/hub/session/22e5c595-110d-457b-b0b1-677227751200/element/00000000-0000-01c0-0000-04c400000003/click [39m[32m200[39m [90m86 ms - 14[39m [90m[39m
[38;5;46m[22e5c595][0m[38;5;86m[HTTP][0m [37m-->[39m [37mPOST[39m [37m/wd/hub/session/22e5c595-110d-457b-b0b1-677227751200/element/00000000-0000-01c0-0000-04c400000003/value[39m [90m{"id":"00000000-0000-01c0-0000-04c400000003","text":"082174620190","value":["0","8","2","1","7","4","6","2","0","1","9","0"]}[39m
[38;5;46m[22e5c595][0m[38;5;86m[HTTP][0m [37m<-- POST /wd/hub/session/22e5c595-110d-457b-b0b1-677227751200/element/00000000-0000-01c0-0000-04c400000003/value [39m[32m200[39m [90m38 ms - 14[39m [90m[39m
[38;5;46m[22e5c595][0m[38;5;86m[HTTP][0m [37m-->[39m [37mGET[39m [37m/wd/hub/session/22e5c595-110d-457b-b0b1-677227751200/source[39m [90m{}[39m
[38;5;46m[22e5c595][0m[38;5;-186m[AndroidUiautomator2Driver@49d6][0m Driver proxy active, passing request on via HTTP proxy
[38;5;46m[22e5c595][0m[38;5;-186m[AndroidUiautomator2Driver@49d6][0m Replacing sessionId ad6e46f5-0e5b-43e8-a6b9-743b2874e348 with 22e5c595-110d-457b-b0b1-677227751200
[38;5;46m[22e5c595][0m[38;5;86m[HTTP][0m [37m<-- GET /wd/hub/session/22e5c595-110d-457b-b0b1-677227751200/source [39m[32m200[39m [90m145 ms - 9408[39m [90m[39m
[38;5;46m[22e5c595][0m[38;5;86m[HTTP][0m [37m-->[39m [37mGET[39m [37m/wd/hub/session/22e5c595-110d-457b-b0b1-677227751200/screenshot[39m [90m{}[39m
[38;5;46m[22e5c595][0m[38;5;86m[HTTP][0m [37m<-- GET /wd/hub/session/22e5c595-110d-457b-b0b1-677227751200/screenshot [39m[32m200[39m [90m291 ms - 287144[39m [90m[39m
[38;5;46m[22e5c595][0m[38;5;86m[HTTP][0m [37m-->[39m [37mGET[39m [37m/wd/hub/session/22e5c595-110d-457b-b0b1-677227751200/source[39m [90m{}[39m
[38;5;46m[22e5c595][0m[38;5;-186m[AndroidUiautomator2Driver@49d6][0m Driver proxy active, passing request on via HTTP proxy
[38;5;46m[22e5c595][0m[38;5;-186m[AndroidUiautomator2Driver@49d6][0m Replacing sessionId ad6e46f5-0e5b-43e8-a6b9-743b2874e348 with 22e5c595-110d-457b-b0b1-677227751200
[38;5;46m[22e5c595][0m[38;5;86m[HTTP][0m [37m<-- GET /wd/hub/session/22e5c595-110d-457b-b0b1-677227751200/source [39m[32m200[39m [90m32 ms - 9433[39m [90m[39m
[38;5;46m[22e5c595][0m[38;5;86m[HTTP][0m [37m-->[39m [37mGET[39m [37m/wd/hub/session/22e5c595-110d-457b-b0b1-677227751200/screenshot[39m [90m{}[39m
[38;5;46m[22e5c595][0m[38;5;86m[HTTP][0m [37m<-- GET /wd/hub/session/22e5c595-110d-457b-b0b1-677227751200/screenshot [39m[32m200[39m [90m272 ms - 280248[39m [90m[39m
[38;5;46m[22e5c595][0m[38;5;86m[HTTP][0m [37m-->[39m [37mPOST[39m [37m/wd/hub/session/22e5c595-110d-457b-b0b1-677227751200/timeouts[39m [90m{"implicit":1000}[39m
[38;5;46m[22e5c595][0m[38;5;86m[HTTP][0m [37m<-- POST /wd/hub/session/22e5c595-110d-457b-b0b1-677227751200/timeouts [39m[32m200[39m [90m1 ms - 14[39m [90m[39m
[38;5;46m[22e5c595][0m[38;5;86m[HTTP][0m [37m-->[39m [37mPOST[39m [37m/wd/hub/session/22e5c595-110d-457b-b0b1-677227751200/elements[39m [90m{"using":"xpath","value":"//*[@class = 'android.widget.Button' and @resource-id = '' and (@text = '' or . = '') and @content-desc=\"Lanjutkan\"]"}[39m
[38;5;46m[22e5c595][0m[38;5;86m[HTTP][0m [37m<-- POST /wd/hub/session/22e5c595-110d-457b-b0b1-677227751200/elements [39m[32m200[39m [90m52 ms - 139[39m [90m[39m
[38;5;46m[22e5c595][0m[38;5;86m[HTTP][0m [37m-->[39m [37mGET[39m [37m/wd/hub/session/22e5c595-110d-457b-b0b1-677227751200/element/00000000-0000-01c0-0000-04f400000003/location[39m [90m{}[39m
[38;5;46m[22e5c595][0m[38;5;-186m[AndroidUiautomator2Driver@49d6][0m Driver proxy active, passing request on via HTTP proxy
[38;5;46m[22e5c595][0m[38;5;-186m[AndroidUiautomator2Driver@49d6][0m Replacing sessionId ad6e46f5-0e5b-43e8-a6b9-743b2874e348 with 22e5c595-110d-457b-b0b1-677227751200
[38;5;46m[22e5c595][0m[38;5;86m[HTTP][0m [37m<-- GET /wd/hub/session/22e5c595-110d-457b-b0b1-677227751200/element/00000000-0000-01c0-0000-04f400000003/location [39m[32m200[39m [90m16 ms - 78[39m [90m[39m
[38;5;46m[22e5c595][0m[38;5;86m[HTTP][0m [37m-->[39m [37mGET[39m [37m/wd/hub/session/22e5c595-110d-457b-b0b1-677227751200/element/00000000-0000-01c0-0000-04f400000003/size[39m [90m{}[39m
[38;5;46m[22e5c595][0m[38;5;-186m[AndroidUiautomator2Driver@49d6][0m Driver proxy active, passing request on via HTTP proxy
[38;5;46m[22e5c595][0m[38;5;-186m[AndroidUiautomator2Driver@49d6][0m Replacing sessionId ad6e46f5-0e5b-43e8-a6b9-743b2874e348 with 22e5c595-110d-457b-b0b1-677227751200
[38;5;46m[22e5c595][0m[38;5;86m[HTTP][0m [37m<-- GET /wd/hub/session/22e5c595-110d-457b-b0b1-677227751200/element/00000000-0000-01c0-0000-04f400000003/size [39m[32m200[39m [90m14 ms - 87[39m [90m[39m
[38;5;46m[22e5c595][0m[38;5;86m[HTTP][0m [37m-->[39m [37mGET[39m [37m/wd/hub/session/22e5c595-110d-457b-b0b1-677227751200/window/rect[39m [90m{}[39m
[38;5;46m[22e5c595][0m[38;5;86m[HTTP][0m [37m<-- GET /wd/hub/session/22e5c595-110d-457b-b0b1-677227751200/window/rect [39m[32m200[39m [90m7 ms - 50[39m [90m[39m
[38;5;46m[22e5c595][0m[38;5;86m[HTTP][0m [37m-->[39m [37mPOST[39m [37m/wd/hub/session/22e5c595-110d-457b-b0b1-677227751200/elements[39m [90m{"using":"xpath","value":"//*[@class = 'android.widget.Button' and @resource-id = '' and (@text = '' or . = '') and @content-desc=\"Lanjutkan\"]"}[39m
[38;5;46m[22e5c595][0m[38;5;86m[HTTP][0m [37m<-- POST /wd/hub/session/22e5c595-110d-457b-b0b1-677227751200/elements [39m[32m200[39m [90m63 ms - 139[39m [90m[39m
[38;5;46m[22e5c595][0m[38;5;86m[HTTP][0m [37m-->[39m [37mGET[39m [37m/wd/hub/session/22e5c595-110d-457b-b0b1-677227751200/element/00000000-0000-01c0-0000-04f400000003/location[39m [90m{}[39m
[38;5;46m[22e5c595][0m[38;5;-186m[AndroidUiautomator2Driver@49d6][0m Driver proxy active, passing request on via HTTP proxy
[38;5;46m[22e5c595][0m[38;5;-186m[AndroidUiautomator2Driver@49d6][0m Replacing sessionId ad6e46f5-0e5b-43e8-a6b9-743b2874e348 with 22e5c595-110d-457b-b0b1-677227751200
[38;5;46m[22e5c595][0m[38;5;86m[HTTP][0m [37m<-- GET /wd/hub/session/22e5c595-110d-457b-b0b1-677227751200/element/00000000-0000-01c0-0000-04f400000003/location [39m[32m200[39m [90m18 ms - 78[39m [90m[39m
[38;5;46m[22e5c595][0m[38;5;86m[HTTP][0m [37m-->[39m [37mPOST[39m [37m/wd/hub/session/22e5c595-110d-457b-b0b1-677227751200/element/00000000-0000-01c0-0000-04f400000003/click[39m [90m{"id":"00000000-0000-01c0-0000-04f400000003"}[39m
[38;5;46m[22e5c595][0m[38;5;86m[HTTP][0m [37m<-- POST /wd/hub/session/22e5c595-110d-457b-b0b1-677227751200/element/00000000-0000-01c0-0000-04f400000003/click [39m[32m200[39m [90m1202 ms - 14[39m [90m[39m
[38;5;46m[22e5c595][0m[38;5;86m[HTTP][0m [37m-->[39m [37mGET[39m [37m/wd/hub/session/22e5c595-110d-457b-b0b1-677227751200/source[39m [90m{}[39m
[38;5;46m[22e5c595][0m[38;5;-186m[AndroidUiautomator2Driver@49d6][0m Driver proxy active, passing request on via HTTP proxy
[38;5;46m[22e5c595][0m[38;5;-186m[AndroidUiautomator2Driver@49d6][0m Replacing sessionId ad6e46f5-0e5b-43e8-a6b9-743b2874e348 with 22e5c595-110d-457b-b0b1-677227751200
[38;5;46m[22e5c595][0m[38;5;86m[HTTP][0m [37m<-- GET /wd/hub/session/22e5c595-110d-457b-b0b1-677227751200/source [39m[32m200[39m [90m27 ms - 9870[39m [90m[39m
[38;5;46m[22e5c595][0m[38;5;86m[HTTP][0m [37m-->[39m [37mGET[39m [37m/wd/hub/session/22e5c595-110d-457b-b0b1-677227751200/screenshot[39m [90m{}[39m
[38;5;46m[22e5c595][0m[38;5;86m[HTTP][0m [37m<-- GET /wd/hub/session/22e5c595-110d-457b-b0b1-677227751200/screenshot [39m[32m200[39m [90m274 ms - 290620[39m [90m[39m
[38;5;46m[22e5c595][0m[38;5;86m[HTTP][0m [37m-->[39m [37mGET[39m [37m/wd/hub/session/22e5c595-110d-457b-b0b1-677227751200/source[39m [90m{}[39m
[38;5;46m[22e5c595][0m[38;5;-186m[AndroidUiautomator2Driver@49d6][0m Driver proxy active, passing request on via HTTP proxy
[38;5;46m[22e5c595][0m[38;5;-186m[AndroidUiautomator2Driver@49d6][0m Replacing sessionId ad6e46f5-0e5b-43e8-a6b9-743b2874e348 with 22e5c595-110d-457b-b0b1-677227751200
[38;5;46m[22e5c595][0m[38;5;86m[HTTP][0m [37m<-- GET /wd/hub/session/22e5c595-110d-457b-b0b1-677227751200/source [39m[32m200[39m [90m33 ms - 9870[39m [90m[39m
[38;5;46m[22e5c595][0m[38;5;86m[HTTP][0m [37m-->[39m [37mGET[39m [37m/wd/hub/session/22e5c595-110d-457b-b0b1-677227751200/screenshot[39m [90m{}[39m
[38;5;46m[22e5c595][0m[38;5;86m[HTTP][0m [37m<-- GET /wd/hub/session/22e5c595-110d-457b-b0b1-677227751200/screenshot [39m[32m200[39m [90m261 ms - 290596[39m [90m[39m
[38;5;46m[22e5c595][0m[38;5;86m[HTTP][0m [37m-->[39m [37mPOST[39m [37m/wd/hub/session/22e5c595-110d-457b-b0b1-677227751200/timeouts[39m [90m{"implicit":1000}[39m
[38;5;46m[22e5c595][0m[38;5;86m[HTTP][0m [37m<-- POST /wd/hub/session/22e5c595-110d-457b-b0b1-677227751200/timeouts [39m[32m200[39m [90m1 ms - 14[39m [90m[39m
[38;5;46m[22e5c595][0m[38;5;86m[HTTP][0m [37m-->[39m [37mPOST[39m [37m/wd/hub/session/22e5c595-110d-457b-b0b1-677227751200/elements[39m [90m{"using":"xpath","value":"//*[@class = 'android.view.View' and @resource-id = '' and (@text = '' or . = '')]"}[39m
[38;5;46m[22e5c595][0m[38;5;86m[HTTP][0m [37m<-- POST /wd/hub/session/22e5c595-110d-457b-b0b1-677227751200/elements [39m[32m200[39m [90m55 ms - 2187[39m [90m[39m
[38;5;46m[22e5c595][0m[38;5;86m[HTTP][0m [37m-->[39m [37mGET[39m [37m/wd/hub/session/22e5c595-110d-457b-b0b1-677227751200/element/00000000-0000-01c0-0000-000000000003/location[39m [90m{}[39m
[38;5;46m[22e5c595][0m[38;5;-186m[AndroidUiautomator2Driver@49d6][0m Driver proxy active, passing request on via HTTP proxy
[38;5;46m[22e5c595][0m[38;5;-186m[AndroidUiautomator2Driver@49d6][0m Replacing sessionId ad6e46f5-0e5b-43e8-a6b9-743b2874e348 with 22e5c595-110d-457b-b0b1-677227751200
[38;5;46m[22e5c595][0m[38;5;86m[HTTP][0m [37m<-- GET /wd/hub/session/22e5c595-110d-457b-b0b1-677227751200/element/00000000-0000-01c0-0000-000000000003/location [39m[32m200[39m [90m24 ms - 74[39m [90m[39m
[38;5;46m[22e5c595][0m[38;5;86m[HTTP][0m [37m-->[39m [37mGET[39m [37m/wd/hub/session/22e5c595-110d-457b-b0b1-677227751200/element/00000000-0000-01c0-0000-000000000003/size[39m [90m{}[39m
[38;5;46m[22e5c595][0m[38;5;-186m[AndroidUiautomator2Driver@49d6][0m Driver proxy active, passing request on via HTTP proxy
[38;5;46m[22e5c595][0m[38;5;-186m[AndroidUiautomator2Driver@49d6][0m Replacing sessionId ad6e46f5-0e5b-43e8-a6b9-743b2874e348 with 22e5c595-110d-457b-b0b1-677227751200
[38;5;46m[22e5c595][0m[38;5;86m[HTTP][0m [37m<-- GET /wd/hub/session/22e5c595-110d-457b-b0b1-677227751200/element/00000000-0000-01c0-0000-000000000003/size [39m[32m200[39m [90m12 ms - 89[39m [90m[39m
[38;5;46m[22e5c595][0m[38;5;86m[HTTP][0m [37m-->[39m [37mGET[39m [37m/wd/hub/session/22e5c595-110d-457b-b0b1-677227751200/element/00000000-0000-01c0-0000-04b900000003/location[39m [90m{}[39m
[38;5;46m[22e5c595][0m[38;5;-186m[AndroidUiautomator2Driver@49d6][0m Driver proxy active, passing request on via HTTP proxy
[38;5;46m[22e5c595][0m[38;5;-186m[AndroidUiautomator2Driver@49d6][0m Replacing sessionId ad6e46f5-0e5b-43e8-a6b9-743b2874e348 with 22e5c595-110d-457b-b0b1-677227751200
[38;5;46m[22e5c595][0m[38;5;86m[HTTP][0m [37m<-- GET /wd/hub/session/22e5c595-110d-457b-b0b1-677227751200/element/00000000-0000-01c0-0000-04b900000003/location [39m[32m200[39m [90m12 ms - 74[39m [90m[39m
[38;5;46m[22e5c595][0m[38;5;86m[HTTP][0m [37m-->[39m [37mGET[39m [37m/wd/hub/session/22e5c595-110d-457b-b0b1-677227751200/element/00000000-0000-01c0-0000-04b900000003/size[39m [90m{}[39m
[38;5;46m[22e5c595][0m[38;5;-186m[AndroidUiautomator2Driver@49d6][0m Driver proxy active, passing request on via HTTP proxy
[38;5;46m[22e5c595][0m[38;5;-186m[AndroidUiautomator2Driver@49d6][0m Replacing sessionId ad6e46f5-0e5b-43e8-a6b9-743b2874e348 with 22e5c595-110d-457b-b0b1-677227751200
[38;5;46m[22e5c595][0m[38;5;86m[HTTP][0m [37m<-- GET /wd/hub/session/22e5c595-110d-457b-b0b1-677227751200/element/00000000-0000-01c0-0000-04b900000003/size [39m[32m200[39m [90m11 ms - 89[39m [90m[39m
[38;5;46m[22e5c595][0m[38;5;86m[HTTP][0m [37m-->[39m [37mGET[39m [37m/wd/hub/session/22e5c595-110d-457b-b0b1-677227751200/element/00000000-0000-01c0-0000-051b00000003/location[39m [90m{}[39m
[38;5;46m[22e5c595][0m[38;5;-186m[AndroidUiautomator2Driver@49d6][0m Driver proxy active, passing request on via HTTP proxy
[38;5;46m[22e5c595][0m[38;5;-186m[AndroidUiautomator2Driver@49d6][0m Replacing sessionId ad6e46f5-0e5b-43e8-a6b9-743b2874e348 with 22e5c595-110d-457b-b0b1-677227751200
[38;5;46m[22e5c595][0m[38;5;86m[HTTP][0m [37m<-- GET /wd/hub/session/22e5c595-110d-457b-b0b1-677227751200/element/00000000-0000-01c0-0000-051b00000003/location [39m[32m200[39m [90m12 ms - 74[39m [90m[39m
[38;5;46m[22e5c595][0m[38;5;86m[HTTP][0m [37m-->[39m [37mGET[39m [37m/wd/hub/session/22e5c595-110d-457b-b0b1-677227751200/element/00000000-0000-01c0-0000-051b00000003/size[39m [90m{}[39m
[38;5;46m[22e5c595][0m[38;5;-186m[AndroidUiautomator2Driver@49d6][0m Driver proxy active, passing request on via HTTP proxy
[38;5;46m[22e5c595][0m[38;5;-186m[AndroidUiautomator2Driver@49d6][0m Replacing sessionId ad6e46f5-0e5b-43e8-a6b9-743b2874e348 with 22e5c595-110d-457b-b0b1-677227751200
[38;5;46m[22e5c595][0m[38;5;86m[HTTP][0m [37m<-- GET /wd/hub/session/22e5c595-110d-457b-b0b1-677227751200/element/00000000-0000-01c0-0000-051b00000003/size [39m[32m200[39m [90m12 ms - 89[39m [90m[39m
[38;5;46m[22e5c595][0m[38;5;86m[HTTP][0m [37m-->[39m [37mGET[39m [37m/wd/hub/session/22e5c595-110d-457b-b0b1-677227751200/element/00000000-0000-01c0-0000-051c00000003/location[39m [90m{}[39m
[38;5;46m[22e5c595][0m[38;5;-186m[AndroidUiautomator2Driver@49d6][0m Driver proxy active, passing request on via HTTP proxy
[38;5;46m[22e5c595][0m[38;5;-186m[AndroidUiautomator2Driver@49d6][0m Replacing sessionId ad6e46f5-0e5b-43e8-a6b9-743b2874e348 with 22e5c595-110d-457b-b0b1-677227751200
[38;5;46m[22e5c595][0m[38;5;86m[HTTP][0m [37m<-- GET /wd/hub/session/22e5c595-110d-457b-b0b1-677227751200/element/00000000-0000-01c0-0000-051c00000003/location [39m[32m200[39m [90m12 ms - 74[39m [90m[39m
[38;5;46m[22e5c595][0m[38;5;86m[HTTP][0m [37m-->[39m [37mGET[39m [37m/wd/hub/session/22e5c595-110d-457b-b0b1-677227751200/element/00000000-0000-01c0-0000-051c00000003/size[39m [90m{}[39m
[38;5;46m[22e5c595][0m[38;5;-186m[AndroidUiautomator2Driver@49d6][0m Driver proxy active, passing request on via HTTP proxy
[38;5;46m[22e5c595][0m[38;5;-186m[AndroidUiautomator2Driver@49d6][0m Replacing sessionId ad6e46f5-0e5b-43e8-a6b9-743b2874e348 with 22e5c595-110d-457b-b0b1-677227751200
[38;5;46m[22e5c595][0m[38;5;86m[HTTP][0m [37m<-- GET /wd/hub/session/22e5c595-110d-457b-b0b1-677227751200/element/00000000-0000-01c0-0000-051c00000003/size [39m[32m200[39m [90m11 ms - 89[39m [90m[39m
[38;5;46m[22e5c595][0m[38;5;86m[HTTP][0m [37m-->[39m [37mGET[39m [37m/wd/hub/session/22e5c595-110d-457b-b0b1-677227751200/element/00000000-0000-01c0-0000-052a00000003/location[39m [90m{}[39m
[38;5;46m[22e5c595][0m[38;5;-186m[AndroidUiautomator2Driver@49d6][0m Driver proxy active, passing request on via HTTP proxy
[38;5;46m[22e5c595][0m[38;5;-186m[AndroidUiautomator2Driver@49d6][0m Replacing sessionId ad6e46f5-0e5b-43e8-a6b9-743b2874e348 with 22e5c595-110d-457b-b0b1-677227751200
[38;5;46m[22e5c595][0m[38;5;86m[HTTP][0m [37m<-- GET /wd/hub/session/22e5c595-110d-457b-b0b1-677227751200/element/00000000-0000-01c0-0000-052a00000003/location [39m[32m200[39m [90m12 ms - 74[39m [90m[39m
[38;5;46m[22e5c595][0m[38;5;86m[HTTP][0m [37m-->[39m [37mGET[39m [37m/wd/hub/session/22e5c595-110d-457b-b0b1-677227751200/element/00000000-0000-01c0-0000-052a00000003/size[39m [90m{}[39m
[38;5;46m[22e5c595][0m[38;5;-186m[AndroidUiautomator2Driver@49d6][0m Driver proxy active, passing request on via HTTP proxy
[38;5;46m[22e5c595][0m[38;5;-186m[AndroidUiautomator2Driver@49d6][0m Replacing sessionId ad6e46f5-0e5b-43e8-a6b9-743b2874e348 with 22e5c595-110d-457b-b0b1-677227751200
[38;5;46m[22e5c595][0m[38;5;86m[HTTP][0m [37m<-- GET /wd/hub/session/22e5c595-110d-457b-b0b1-677227751200/element/00000000-0000-01c0-0000-052a00000003/size [39m[32m200[39m [90m12 ms - 88[39m [90m[39m
[38;5;46m[22e5c595][0m[38;5;86m[HTTP][0m [37m-->[39m [37mGET[39m [37m/wd/hub/session/22e5c595-110d-457b-b0b1-677227751200/element/00000000-0000-01c0-0000-051e00000003/location[39m [90m{}[39m
[38;5;46m[22e5c595][0m[38;5;-186m[AndroidUiautomator2Driver@49d6][0m Driver proxy active, passing request on via HTTP proxy
[38;5;46m[22e5c595][0m[38;5;-186m[AndroidUiautomator2Driver@49d6][0m Replacing sessionId ad6e46f5-0e5b-43e8-a6b9-743b2874e348 with 22e5c595-110d-457b-b0b1-677227751200
[38;5;46m[22e5c595][0m[38;5;86m[HTTP][0m [37m<-- GET /wd/hub/session/22e5c595-110d-457b-b0b1-677227751200/element/00000000-0000-01c0-0000-051e00000003/location [39m[32m200[39m [90m14 ms - 78[39m [90m[39m
[38;5;46m[22e5c595][0m[38;5;86m[HTTP][0m [37m-->[39m [37mGET[39m [37m/wd/hub/session/22e5c595-110d-457b-b0b1-677227751200/element/00000000-0000-01c0-0000-051e00000003/size[39m [90m{}[39m
[38;5;46m[22e5c595][0m[38;5;-186m[AndroidUiautomator2Driver@49d6][0m Driver proxy active, passing request on via HTTP proxy
[38;5;46m[22e5c595][0m[38;5;-186m[AndroidUiautomator2Driver@49d6][0m Replacing sessionId ad6e46f5-0e5b-43e8-a6b9-743b2874e348 with 22e5c595-110d-457b-b0b1-677227751200
[38;5;46m[22e5c595][0m[38;5;86m[HTTP][0m [37m<-- GET /wd/hub/session/22e5c595-110d-457b-b0b1-677227751200/element/00000000-0000-01c0-0000-051e00000003/size [39m[32m200[39m [90m10 ms - 87[39m [90m[39m
[38;5;46m[22e5c595][0m[38;5;86m[HTTP][0m [37m-->[39m [37mGET[39m [37m/wd/hub/session/22e5c595-110d-457b-b0b1-677227751200/element/00000000-0000-01c0-0000-051f00000003/location[39m [90m{}[39m
[38;5;46m[22e5c595][0m[38;5;-186m[AndroidUiautomator2Driver@49d6][0m Driver proxy active, passing request on via HTTP proxy
[38;5;46m[22e5c595][0m[38;5;-186m[AndroidUiautomator2Driver@49d6][0m Replacing sessionId ad6e46f5-0e5b-43e8-a6b9-743b2874e348 with 22e5c595-110d-457b-b0b1-677227751200
[38;5;46m[22e5c595][0m[38;5;86m[HTTP][0m [37m<-- GET /wd/hub/session/22e5c595-110d-457b-b0b1-677227751200/element/00000000-0000-01c0-0000-051f00000003/location [39m[32m200[39m [90m12 ms - 78[39m [90m[39m
[38;5;46m[22e5c595][0m[38;5;86m[HTTP][0m [37m-->[39m [37mGET[39m [37m/wd/hub/session/22e5c595-110d-457b-b0b1-677227751200/element/00000000-0000-01c0-0000-051f00000003/size[39m [90m{}[39m
[38;5;46m[22e5c595][0m[38;5;-186m[AndroidUiautomator2Driver@49d6][0m Driver proxy active, passing request on via HTTP proxy
[38;5;46m[22e5c595][0m[38;5;-186m[AndroidUiautomator2Driver@49d6][0m Replacing sessionId ad6e46f5-0e5b-43e8-a6b9-743b2874e348 with 22e5c595-110d-457b-b0b1-677227751200
[38;5;46m[22e5c595][0m[38;5;86m[HTTP][0m [37m<-- GET /wd/hub/session/22e5c595-110d-457b-b0b1-677227751200/element/00000000-0000-01c0-0000-051f00000003/size [39m[32m200[39m [90m12 ms - 87[39m [90m[39m
[38;5;46m[22e5c595][0m[38;5;86m[HTTP][0m [37m-->[39m [37mGET[39m [37m/wd/hub/session/22e5c595-110d-457b-b0b1-677227751200/element/00000000-0000-01c0-0000-052000000003/location[39m [90m{}[39m
[38;5;46m[22e5c595][0m[38;5;-186m[AndroidUiautomator2Driver@49d6][0m Driver proxy active, passing request on via HTTP proxy
[38;5;46m[22e5c595][0m[38;5;-186m[AndroidUiautomator2Driver@49d6][0m Replacing sessionId ad6e46f5-0e5b-43e8-a6b9-743b2874e348 with 22e5c595-110d-457b-b0b1-677227751200
[38;5;46m[22e5c595][0m[38;5;86m[HTTP][0m [37m<-- GET /wd/hub/session/22e5c595-110d-457b-b0b1-677227751200/element/00000000-0000-01c0-0000-052000000003/location [39m[32m200[39m [90m11 ms - 78[39m [90m[39m
[38;5;46m[22e5c595][0m[38;5;86m[HTTP][0m [37m-->[39m [37mGET[39m [37m/wd/hub/session/22e5c595-110d-457b-b0b1-677227751200/element/00000000-0000-01c0-0000-052000000003/size[39m [90m{}[39m
[38;5;46m[22e5c595][0m[38;5;-186m[AndroidUiautomator2Driver@49d6][0m Driver proxy active, passing request on via HTTP proxy
[38;5;46m[22e5c595][0m[38;5;-186m[AndroidUiautomator2Driver@49d6][0m Replacing sessionId ad6e46f5-0e5b-43e8-a6b9-743b2874e348 with 22e5c595-110d-457b-b0b1-677227751200
[38;5;46m[22e5c595][0m[38;5;86m[HTTP][0m [37m<-- GET /wd/hub/session/22e5c595-110d-457b-b0b1-677227751200/element/00000000-0000-01c0-0000-052000000003/size [39m[32m200[39m [90m10 ms - 87[39m [90m[39m
[38;5;46m[22e5c595][0m[38;5;86m[HTTP][0m [37m-->[39m [37mGET[39m [37m/wd/hub/session/22e5c595-110d-457b-b0b1-677227751200/element/00000000-0000-01c0-0000-052100000003/location[39m [90m{}[39m
[38;5;46m[22e5c595][0m[38;5;-186m[AndroidUiautomator2Driver@49d6][0m Driver proxy active, passing request on via HTTP proxy
[38;5;46m[22e5c595][0m[38;5;-186m[AndroidUiautomator2Driver@49d6][0m Replacing sessionId ad6e46f5-0e5b-43e8-a6b9-743b2874e348 with 22e5c595-110d-457b-b0b1-677227751200
[38;5;46m[22e5c595][0m[38;5;86m[HTTP][0m [37m<-- GET /wd/hub/session/22e5c595-110d-457b-b0b1-677227751200/element/00000000-0000-01c0-0000-052100000003/location [39m[32m200[39m [90m13 ms - 78[39m [90m[39m
[38;5;46m[22e5c595][0m[38;5;86m[HTTP][0m [37m-->[39m [37mGET[39m [37m/wd/hub/session/22e5c595-110d-457b-b0b1-677227751200/element/00000000-0000-01c0-0000-052100000003/size[39m [90m{}[39m
[38;5;46m[22e5c595][0m[38;5;-186m[AndroidUiautomator2Driver@49d6][0m Driver proxy active, passing request on via HTTP proxy
[38;5;46m[22e5c595][0m[38;5;-186m[AndroidUiautomator2Driver@49d6][0m Replacing sessionId ad6e46f5-0e5b-43e8-a6b9-743b2874e348 with 22e5c595-110d-457b-b0b1-677227751200
[38;5;46m[22e5c595][0m[38;5;86m[HTTP][0m [37m<-- GET /wd/hub/session/22e5c595-110d-457b-b0b1-677227751200/element/00000000-0000-01c0-0000-052100000003/size [39m[32m200[39m [90m12 ms - 87[39m [90m[39m
[38;5;46m[22e5c595][0m[38;5;86m[HTTP][0m [37m-->[39m [37mGET[39m [37m/wd/hub/session/22e5c595-110d-457b-b0b1-677227751200/element/00000000-0000-01c0-0000-052200000003/location[39m [90m{}[39m
[38;5;46m[22e5c595][0m[38;5;-186m[AndroidUiautomator2Driver@49d6][0m Driver proxy active, passing request on via HTTP proxy
[38;5;46m[22e5c595][0m[38;5;-186m[AndroidUiautomator2Driver@49d6][0m Replacing sessionId ad6e46f5-0e5b-43e8-a6b9-743b2874e348 with 22e5c595-110d-457b-b0b1-677227751200
[38;5;46m[22e5c595][0m[38;5;86m[HTTP][0m [37m<-- GET /wd/hub/session/22e5c595-110d-457b-b0b1-677227751200/element/00000000-0000-01c0-0000-052200000003/location [39m[32m200[39m [90m14 ms - 79[39m [90m[39m
[38;5;46m[22e5c595][0m[38;5;86m[HTTP][0m [37m-->[39m [37mGET[39m [37m/wd/hub/session/22e5c595-110d-457b-b0b1-677227751200/element/00000000-0000-01c0-0000-052200000003/size[39m [90m{}[39m
[38;5;46m[22e5c595][0m[38;5;-186m[AndroidUiautomator2Driver@49d6][0m Driver proxy active, passing request on via HTTP proxy
[38;5;46m[22e5c595][0m[38;5;-186m[AndroidUiautomator2Driver@49d6][0m Replacing sessionId ad6e46f5-0e5b-43e8-a6b9-743b2874e348 with 22e5c595-110d-457b-b0b1-677227751200
[38;5;46m[22e5c595][0m[38;5;86m[HTTP][0m [37m<-- GET /wd/hub/session/22e5c595-110d-457b-b0b1-677227751200/element/00000000-0000-01c0-0000-052200000003/size [39m[32m200[39m [90m15 ms - 87[39m [90m[39m
[38;5;46m[22e5c595][0m[38;5;86m[HTTP][0m [37m-->[39m [37mGET[39m [37m/wd/hub/session/22e5c595-110d-457b-b0b1-677227751200/element/00000000-0000-01c0-0000-052300000003/location[39m [90m{}[39m
[38;5;46m[22e5c595][0m[38;5;-186m[AndroidUiautomator2Driver@49d6][0m Driver proxy active, passing request on via HTTP proxy
[38;5;46m[22e5c595][0m[38;5;-186m[AndroidUiautomator2Driver@49d6][0m Replacing sessionId ad6e46f5-0e5b-43e8-a6b9-743b2874e348 with 22e5c595-110d-457b-b0b1-677227751200
[38;5;46m[22e5c595][0m[38;5;86m[HTTP][0m [37m<-- GET /wd/hub/session/22e5c595-110d-457b-b0b1-677227751200/element/00000000-0000-01c0-0000-052300000003/location [39m[32m200[39m [90m12 ms - 79[39m [90m[39m
[38;5;46m[22e5c595][0m[38;5;86m[HTTP][0m [37m-->[39m [37mGET[39m [37m/wd/hub/session/22e5c595-110d-457b-b0b1-677227751200/element/00000000-0000-01c0-0000-052300000003/size[39m [90m{}[39m
[38;5;46m[22e5c595][0m[38;5;-186m[AndroidUiautomator2Driver@49d6][0m Driver proxy active, passing request on via HTTP proxy
[38;5;46m[22e5c595][0m[38;5;-186m[AndroidUiautomator2Driver@49d6][0m Replacing sessionId ad6e46f5-0e5b-43e8-a6b9-743b2874e348 with 22e5c595-110d-457b-b0b1-677227751200
[38;5;46m[22e5c595][0m[38;5;86m[HTTP][0m [37m<-- GET /wd/hub/session/22e5c595-110d-457b-b0b1-677227751200/element/00000000-0000-01c0-0000-052300000003/size [39m[32m200[39m [90m12 ms - 87[39m [90m[39m
[38;5;46m[22e5c595][0m[38;5;86m[HTTP][0m [37m-->[39m [37mGET[39m [37m/wd/hub/session/22e5c595-110d-457b-b0b1-677227751200/element/00000000-0000-01c0-0000-052400000003/location[39m [90m{}[39m
[38;5;46m[22e5c595][0m[38;5;-186m[AndroidUiautomator2Driver@49d6][0m Driver proxy active, passing request on via HTTP proxy
[38;5;46m[22e5c595][0m[38;5;-186m[AndroidUiautomator2Driver@49d6][0m Replacing sessionId ad6e46f5-0e5b-43e8-a6b9-743b2874e348 with 22e5c595-110d-457b-b0b1-677227751200
[38;5;46m[22e5c595][0m[38;5;86m[HTTP][0m [37m<-- GET /wd/hub/session/22e5c595-110d-457b-b0b1-677227751200/element/00000000-0000-01c0-0000-052400000003/location [39m[32m200[39m [90m11 ms - 79[39m [90m[39m
[38;5;46m[22e5c595][0m[38;5;86m[HTTP][0m [37m-->[39m [37mGET[39m [37m/wd/hub/session/22e5c595-110d-457b-b0b1-677227751200/element/00000000-0000-01c0-0000-052400000003/size[39m [90m{}[39m
[38;5;46m[22e5c595][0m[38;5;-186m[AndroidUiautomator2Driver@49d6][0m Driver proxy active, passing request on via HTTP proxy
[38;5;46m[22e5c595][0m[38;5;-186m[AndroidUiautomator2Driver@49d6][0m Replacing sessionId ad6e46f5-0e5b-43e8-a6b9-743b2874e348 with 22e5c595-110d-457b-b0b1-677227751200
[38;5;46m[22e5c595][0m[38;5;86m[HTTP][0m [37m<-- GET /wd/hub/session/22e5c595-110d-457b-b0b1-677227751200/element/00000000-0000-01c0-0000-052400000003/size [39m[32m200[39m [90m12 ms - 87[39m [90m[39m
[38;5;46m[22e5c595][0m[38;5;86m[HTTP][0m [37m-->[39m [37mGET[39m [37m/wd/hub/session/22e5c595-110d-457b-b0b1-677227751200/element/00000000-0000-01c0-0000-052500000003/location[39m [90m{}[39m
[38;5;46m[22e5c595][0m[38;5;-186m[AndroidUiautomator2Driver@49d6][0m Driver proxy active, passing request on via HTTP proxy
[38;5;46m[22e5c595][0m[38;5;-186m[AndroidUiautomator2Driver@49d6][0m Replacing sessionId ad6e46f5-0e5b-43e8-a6b9-743b2874e348 with 22e5c595-110d-457b-b0b1-677227751200
[38;5;46m[22e5c595][0m[38;5;86m[HTTP][0m [37m<-- GET /wd/hub/session/22e5c595-110d-457b-b0b1-677227751200/element/00000000-0000-01c0-0000-052500000003/location [39m[32m200[39m [90m14 ms - 79[39m [90m[39m
[38;5;46m[22e5c595][0m[38;5;86m[HTTP][0m [37m-->[39m [37mGET[39m [37m/wd/hub/session/22e5c595-110d-457b-b0b1-677227751200/element/00000000-0000-01c0-0000-052500000003/size[39m [90m{}[39m
[38;5;46m[22e5c595][0m[38;5;-186m[AndroidUiautomator2Driver@49d6][0m Driver proxy active, passing request on via HTTP proxy
[38;5;46m[22e5c595][0m[38;5;-186m[AndroidUiautomator2Driver@49d6][0m Replacing sessionId ad6e46f5-0e5b-43e8-a6b9-743b2874e348 with 22e5c595-110d-457b-b0b1-677227751200
[38;5;46m[22e5c595][0m[38;5;86m[HTTP][0m [37m<-- GET /wd/hub/session/22e5c595-110d-457b-b0b1-677227751200/element/00000000-0000-01c0-0000-052500000003/size [39m[32m200[39m [90m14 ms - 87[39m [90m[39m
[38;5;46m[22e5c595][0m[38;5;86m[HTTP][0m [37m-->[39m [37mGET[39m [37m/wd/hub/session/22e5c595-110d-457b-b0b1-677227751200/element/00000000-0000-01c0-0000-052600000003/location[39m [90m{}[39m
[38;5;46m[22e5c595][0m[38;5;-186m[AndroidUiautomator2Driver@49d6][0m Driver proxy active, passing request on via HTTP proxy
[38;5;46m[22e5c595][0m[38;5;-186m[AndroidUiautomator2Driver@49d6][0m Replacing sessionId ad6e46f5-0e5b-43e8-a6b9-743b2874e348 with 22e5c595-110d-457b-b0b1-677227751200
[38;5;46m[22e5c595][0m[38;5;86m[HTTP][0m [37m<-- GET /wd/hub/session/22e5c595-110d-457b-b0b1-677227751200/element/00000000-0000-01c0-0000-052600000003/location [39m[32m200[39m [90m13 ms - 79[39m [90m[39m
[38;5;46m[22e5c595][0m[38;5;86m[HTTP][0m [37m-->[39m [37mGET[39m [37m/wd/hub/session/22e5c595-110d-457b-b0b1-677227751200/element/00000000-0000-01c0-0000-052600000003/size[39m [90m{}[39m
[38;5;46m[22e5c595][0m[38;5;-186m[AndroidUiautomator2Driver@49d6][0m Driver proxy active, passing request on via HTTP proxy
[38;5;46m[22e5c595][0m[38;5;-186m[AndroidUiautomator2Driver@49d6][0m Replacing sessionId ad6e46f5-0e5b-43e8-a6b9-743b2874e348 with 22e5c595-110d-457b-b0b1-677227751200
[38;5;46m[22e5c595][0m[38;5;86m[HTTP][0m [37m<-- GET /wd/hub/session/22e5c595-110d-457b-b0b1-677227751200/element/00000000-0000-01c0-0000-052600000003/size [39m[32m200[39m [90m11 ms - 87[39m [90m[39m
[38;5;46m[22e5c595][0m[38;5;86m[HTTP][0m [37m-->[39m [37mGET[39m [37m/wd/hub/session/22e5c595-110d-457b-b0b1-677227751200/element/00000000-0000-01c0-0000-052700000003/location[39m [90m{}[39m
[38;5;46m[22e5c595][0m[38;5;-186m[AndroidUiautomator2Driver@49d6][0m Driver proxy active, passing request on via HTTP proxy
[38;5;46m[22e5c595][0m[38;5;-186m[AndroidUiautomator2Driver@49d6][0m Replacing sessionId ad6e46f5-0e5b-43e8-a6b9-743b2874e348 with 22e5c595-110d-457b-b0b1-677227751200
[38;5;46m[22e5c595][0m[38;5;86m[HTTP][0m [37m<-- GET /wd/hub/session/22e5c595-110d-457b-b0b1-677227751200/element/00000000-0000-01c0-0000-052700000003/location [39m[32m200[39m [90m13 ms - 79[39m [90m[39m
[38;5;46m[22e5c595][0m[38;5;86m[HTTP][0m [37m-->[39m [37mGET[39m [37m/wd/hub/session/22e5c595-110d-457b-b0b1-677227751200/element/00000000-0000-01c0-0000-052700000003/size[39m [90m{}[39m
[38;5;46m[22e5c595][0m[38;5;-186m[AndroidUiautomator2Driver@49d6][0m Driver proxy active, passing request on via HTTP proxy
[38;5;46m[22e5c595][0m[38;5;-186m[AndroidUiautomator2Driver@49d6][0m Replacing sessionId ad6e46f5-0e5b-43e8-a6b9-743b2874e348 with 22e5c595-110d-457b-b0b1-677227751200
[38;5;46m[22e5c595][0m[38;5;86m[HTTP][0m [37m<-- GET /wd/hub/session/22e5c595-110d-457b-b0b1-677227751200/element/00000000-0000-01c0-0000-052700000003/size [39m[32m200[39m [90m12 ms - 87[39m [90m[39m
[38;5;46m[22e5c595][0m[38;5;86m[HTTP][0m [37m-->[39m [37mGET[39m [37m/wd/hub/session/22e5c595-110d-457b-b0b1-677227751200/element/00000000-0000-01c0-0000-052800000003/location[39m [90m{}[39m
[38;5;46m[22e5c595][0m[38;5;-186m[AndroidUiautomator2Driver@49d6][0m Driver proxy active, passing request on via HTTP proxy
[38;5;46m[22e5c595][0m[38;5;-186m[AndroidUiautomator2Driver@49d6][0m Replacing sessionId ad6e46f5-0e5b-43e8-a6b9-743b2874e348 with 22e5c595-110d-457b-b0b1-677227751200
[38;5;46m[22e5c595][0m[38;5;86m[HTTP][0m [37m<-- GET /wd/hub/session/22e5c595-110d-457b-b0b1-677227751200/element/00000000-0000-01c0-0000-052800000003/location [39m[32m200[39m [90m13 ms - 79[39m [90m[39m
[38;5;46m[22e5c595][0m[38;5;86m[HTTP][0m [37m-->[39m [37mGET[39m [37m/wd/hub/session/22e5c595-110d-457b-b0b1-677227751200/element/00000000-0000-01c0-0000-052800000003/size[39m [90m{}[39m
[38;5;46m[22e5c595][0m[38;5;-186m[AndroidUiautomator2Driver@49d6][0m Driver proxy active, passing request on via HTTP proxy
[38;5;46m[22e5c595][0m[38;5;-186m[AndroidUiautomator2Driver@49d6][0m Replacing sessionId ad6e46f5-0e5b-43e8-a6b9-743b2874e348 with 22e5c595-110d-457b-b0b1-677227751200
[38;5;46m[22e5c595][0m[38;5;86m[HTTP][0m [37m<-- GET /wd/hub/session/22e5c595-110d-457b-b0b1-677227751200/element/00000000-0000-01c0-0000-052800000003/size [39m[32m200[39m [90m12 ms - 87[39m [90m[39m
[38;5;46m[22e5c595][0m[38;5;86m[HTTP][0m [37m-->[39m [37mGET[39m [37m/wd/hub/session/22e5c595-110d-457b-b0b1-677227751200/element/00000000-0000-01c0-0000-052900000003/location[39m [90m{}[39m
[38;5;46m[22e5c595][0m[38;5;-186m[AndroidUiautomator2Driver@49d6][0m Driver proxy active, passing request on via HTTP proxy
[38;5;46m[22e5c595][0m[38;5;-186m[AndroidUiautomator2Driver@49d6][0m Replacing sessionId ad6e46f5-0e5b-43e8-a6b9-743b2874e348 with 22e5c595-110d-457b-b0b1-677227751200
[38;5;46m[22e5c595][0m[38;5;86m[HTTP][0m [37m<-- GET /wd/hub/session/22e5c595-110d-457b-b0b1-677227751200/element/00000000-0000-01c0-0000-052900000003/location [39m[32m200[39m [90m12 ms - 79[39m [90m[39m
[38;5;46m[22e5c595][0m[38;5;86m[HTTP][0m [37m-->[39m [37mGET[39m [37m/wd/hub/session/22e5c595-110d-457b-b0b1-677227751200/element/00000000-0000-01c0-0000-052900000003/size[39m [90m{}[39m
[38;5;46m[22e5c595][0m[38;5;-186m[AndroidUiautomator2Driver@49d6][0m Driver proxy active, passing request on via HTTP proxy
[38;5;46m[22e5c595][0m[38;5;-186m[AndroidUiautomator2Driver@49d6][0m Replacing sessionId ad6e46f5-0e5b-43e8-a6b9-743b2874e348 with 22e5c595-110d-457b-b0b1-677227751200
[38;5;46m[22e5c595][0m[38;5;86m[HTTP][0m [37m<-- GET /wd/hub/session/22e5c595-110d-457b-b0b1-677227751200/element/00000000-0000-01c0-0000-052900000003/size [39m[32m200[39m [90m11 ms - 87[39m [90m[39m
[38;5;46m[22e5c595][0m[38;5;86m[HTTP][0m [37m-->[39m [37mGET[39m [37m/wd/hub/session/22e5c595-110d-457b-b0b1-677227751200/window/rect[39m [90m{}[39m
[38;5;46m[22e5c595][0m[38;5;86m[HTTP][0m [37m<-- GET /wd/hub/session/22e5c595-110d-457b-b0b1-677227751200/window/rect [39m[32m200[39m [90m7 ms - 50[39m [90m[39m
[38;5;46m[22e5c595][0m[38;5;86m[HTTP][0m [37m-->[39m [37mPOST[39m [37m/wd/hub/session/22e5c595-110d-457b-b0b1-677227751200/elements[39m [90m{"using":"xpath","value":"//*[@class = 'android.view.View' and @resource-id = '' and (@text = '' or . = '') and @content-desc=\"1\"]"}[39m
[38;5;46m[22e5c595][0m[38;5;86m[HTTP][0m [37m<-- POST /wd/hub/session/22e5c595-110d-457b-b0b1-677227751200/elements [39m[32m200[39m [90m45 ms - 139[39m [90m[39m
[38;5;46m[22e5c595][0m[38;5;86m[HTTP][0m [37m-->[39m [37mGET[39m [37m/wd/hub/session/22e5c595-110d-457b-b0b1-677227751200/element/00000000-0000-01c0-0000-051f00000003/location[39m [90m{}[39m
[38;5;46m[22e5c595][0m[38;5;-186m[AndroidUiautomator2Driver@49d6][0m Driver proxy active, passing request on via HTTP proxy
[38;5;46m[22e5c595][0m[38;5;-186m[AndroidUiautomator2Driver@49d6][0m Replacing sessionId ad6e46f5-0e5b-43e8-a6b9-743b2874e348 with 22e5c595-110d-457b-b0b1-677227751200
[38;5;46m[22e5c595][0m[38;5;86m[HTTP][0m [37m<-- GET /wd/hub/session/22e5c595-110d-457b-b0b1-677227751200/element/00000000-0000-01c0-0000-051f00000003/location [39m[32m200[39m [90m14 ms - 78[39m [90m[39m
[38;5;46m[22e5c595][0m[38;5;86m[HTTP][0m [37m-->[39m [37mPOST[39m [37m/wd/hub/session/22e5c595-110d-457b-b0b1-677227751200/element/00000000-0000-01c0-0000-051f00000003/click[39m [90m{"id":"00000000-0000-01c0-0000-051f00000003"}[39m
[38;5;46m[22e5c595][0m[38;5;86m[HTTP][0m [37m<-- POST /wd/hub/session/22e5c595-110d-457b-b0b1-677227751200/element/00000000-0000-01c0-0000-051f00000003/click [39m[32m200[39m [90m550 ms - 14[39m [90m[39m
[38;5;46m[22e5c595][0m[38;5;86m[HTTP][0m [37m-->[39m [37mGET[39m [37m/wd/hub/session/22e5c595-110d-457b-b0b1-677227751200/source[39m [90m{}[39m
[38;5;46m[22e5c595][0m[38;5;-186m[AndroidUiautomator2Driver@49d6][0m Driver proxy active, passing request on via HTTP proxy
[38;5;46m[22e5c595][0m[38;5;-186m[AndroidUiautomator2Driver@49d6][0m Replacing sessionId ad6e46f5-0e5b-43e8-a6b9-743b2874e348 with 22e5c595-110d-457b-b0b1-677227751200
[38;5;46m[22e5c595][0m[38;5;86m[HTTP][0m [37m<-- GET /wd/hub/session/22e5c595-110d-457b-b0b1-677227751200/source [39m[32m200[39m [90m22 ms - 9870[39m [90m[39m
[38;5;46m[22e5c595][0m[38;5;86m[HTTP][0m [37m-->[39m [37mGET[39m [37m/wd/hub/session/22e5c595-110d-457b-b0b1-677227751200/screenshot[39m [90m{}[39m
[38;5;46m[22e5c595][0m[38;5;86m[HTTP][0m [37m<-- GET /wd/hub/session/22e5c595-110d-457b-b0b1-677227751200/screenshot [39m[32m200[39m [90m273 ms - 291416[39m [90m[39m
[38;5;46m[22e5c595][0m[38;5;86m[HTTP][0m [37m-->[39m [37mGET[39m [37m/wd/hub/session/22e5c595-110d-457b-b0b1-677227751200/source[39m [90m{}[39m
[38;5;46m[22e5c595][0m[38;5;-186m[AndroidUiautomator2Driver@49d6][0m Driver proxy active, passing request on via HTTP proxy
[38;5;46m[22e5c595][0m[38;5;-186m[AndroidUiautomator2Driver@49d6][0m Replacing sessionId ad6e46f5-0e5b-43e8-a6b9-743b2874e348 with 22e5c595-110d-457b-b0b1-677227751200
[38;5;46m[22e5c595][0m[38;5;86m[HTTP][0m [37m<-- GET /wd/hub/session/22e5c595-110d-457b-b0b1-677227751200/source [39m[32m200[39m [90m23 ms - 9870[39m [90m[39m
[38;5;46m[22e5c595][0m[38;5;86m[HTTP][0m [37m-->[39m [37mGET[39m [37m/wd/hub/session/22e5c595-110d-457b-b0b1-677227751200/screenshot[39m [90m{}[39m
[38;5;46m[22e5c595][0m[38;5;86m[HTTP][0m [37m<-- GET /wd/hub/session/22e5c595-110d-457b-b0b1-677227751200/screenshot [39m[32m200[39m [90m283 ms - 291416[39m [90m[39m
[38;5;46m[22e5c595][0m[38;5;86m[HTTP][0m [37m-->[39m [37mGET[39m [37m/wd/hub/session/22e5c595-110d-457b-b0b1-677227751200/window/rect[39m [90m{}[39m
[38;5;46m[22e5c595][0m[38;5;86m[HTTP][0m [37m<-- GET /wd/hub/session/22e5c595-110d-457b-b0b1-677227751200/window/rect [39m[32m200[39m [90m6 ms - 50[39m [90m[39m
[38;5;46m[22e5c595][0m[38;5;86m[HTTP][0m [37m-->[39m [37mPOST[39m [37m/wd/hub/session/22e5c595-110d-457b-b0b1-677227751200/elements[39m [90m{"using":"xpath","value":"//*[@class = 'android.view.View' and @resource-id = '' and (@text = '' or . = '') and @content-desc=\"4\"]"}[39m
[38;5;46m[22e5c595][0m[38;5;86m[HTTP][0m [37m<-- POST /wd/hub/session/22e5c595-110d-457b-b0b1-677227751200/elements [39m[32m200[39m [90m36 ms - 139[39m [90m[39m
[38;5;46m[22e5c595][0m[38;5;86m[HTTP][0m [37m-->[39m [37mGET[39m [37m/wd/hub/session/22e5c595-110d-457b-b0b1-677227751200/element/00000000-0000-01c0-0000-052200000003/location[39m [90m{}[39m
[38;5;46m[22e5c595][0m[38;5;-186m[AndroidUiautomator2Driver@49d6][0m Driver proxy active, passing request on via HTTP proxy
[38;5;46m[22e5c595][0m[38;5;-186m[AndroidUiautomator2Driver@49d6][0m Replacing sessionId ad6e46f5-0e5b-43e8-a6b9-743b2874e348 with 22e5c595-110d-457b-b0b1-677227751200
[38;5;46m[22e5c595][0m[38;5;86m[HTTP][0m [37m<-- GET /wd/hub/session/22e5c595-110d-457b-b0b1-677227751200/element/00000000-0000-01c0-0000-052200000003/location [39m[32m200[39m [90m12 ms - 79[39m [90m[39m
[38;5;46m[22e5c595][0m[38;5;86m[HTTP][0m [37m-->[39m [37mPOST[39m [37m/wd/hub/session/22e5c595-110d-457b-b0b1-677227751200/element/00000000-0000-01c0-0000-052200000003/click[39m [90m{"id":"00000000-0000-01c0-0000-052200000003"}[39m
[38;5;46m[22e5c595][0m[38;5;86m[HTTP][0m [37m<-- POST /wd/hub/session/22e5c595-110d-457b-b0b1-677227751200/element/00000000-0000-01c0-0000-052200000003/click [39m[32m200[39m [90m545 ms - 14[39m [90m[39m
[38;5;46m[22e5c595][0m[38;5;86m[HTTP][0m [37m-->[39m [37mGET[39m [37m/wd/hub/session/22e5c595-110d-457b-b0b1-677227751200/source[39m [90m{}[39m
[38;5;46m[22e5c595][0m[38;5;-186m[AndroidUiautomator2Driver@49d6][0m Driver proxy active, passing request on via HTTP proxy
[38;5;46m[22e5c595][0m[38;5;-186m[AndroidUiautomator2Driver@49d6][0m Replacing sessionId ad6e46f5-0e5b-43e8-a6b9-743b2874e348 with 22e5c595-110d-457b-b0b1-677227751200
[38;5;46m[22e5c595][0m[38;5;86m[HTTP][0m [37m<-- GET /wd/hub/session/22e5c595-110d-457b-b0b1-677227751200/source [39m[32m200[39m [90m27 ms - 9870[39m [90m[39m
[38;5;46m[22e5c595][0m[38;5;86m[HTTP][0m [37m-->[39m [37mGET[39m [37m/wd/hub/session/22e5c595-110d-457b-b0b1-677227751200/screenshot[39m [90m{}[39m
[38;5;46m[22e5c595][0m[38;5;86m[HTTP][0m [37m<-- GET /wd/hub/session/22e5c595-110d-457b-b0b1-677227751200/screenshot [39m[32m200[39m [90m278 ms - 291492[39m [90m[39m
[38;5;46m[22e5c595][0m[38;5;86m[HTTP][0m [37m-->[39m [37mGET[39m [37m/wd/hub/session/22e5c595-110d-457b-b0b1-677227751200/source[39m [90m{}[39m
[38;5;46m[22e5c595][0m[38;5;-186m[AndroidUiautomator2Driver@49d6][0m Driver proxy active, passing request on via HTTP proxy
[38;5;46m[22e5c595][0m[38;5;-186m[AndroidUiautomator2Driver@49d6][0m Replacing sessionId ad6e46f5-0e5b-43e8-a6b9-743b2874e348 with 22e5c595-110d-457b-b0b1-677227751200
[38;5;46m[22e5c595][0m[38;5;86m[HTTP][0m [37m<-- GET /wd/hub/session/22e5c595-110d-457b-b0b1-677227751200/source [39m[32m200[39m [90m22 ms - 9870[39m [90m[39m
[38;5;46m[22e5c595][0m[38;5;86m[HTTP][0m [37m-->[39m [37mGET[39m [37m/wd/hub/session/22e5c595-110d-457b-b0b1-677227751200/screenshot[39m [90m{}[39m
[38;5;46m[22e5c595][0m[38;5;86m[HTTP][0m [37m<-- GET /wd/hub/session/22e5c595-110d-457b-b0b1-677227751200/screenshot [39m[32m200[39m [90m265 ms - 291492[39m [90m[39m
[38;5;46m[22e5c595][0m[38;5;86m[HTTP][0m [37m-->[39m [37mPOST[39m [37m/wd/hub/session/22e5c595-110d-457b-b0b1-677227751200/timeouts[39m [90m{"implicit":1000}[39m
[38;5;46m[22e5c595][0m[38;5;86m[HTTP][0m [37m<-- POST /wd/hub/session/22e5c595-110d-457b-b0b1-677227751200/timeouts [39m[32m200[39m [90m1 ms - 14[39m [90m[39m
[38;5;46m[22e5c595][0m[38;5;86m[HTTP][0m [37m-->[39m [37mPOST[39m [37m/wd/hub/session/22e5c595-110d-457b-b0b1-677227751200/elements[39m [90m{"using":"xpath","value":"//*[@class = 'android.view.View' and @resource-id = '' and (@text = '' or . = '') and @content-desc=\"7\"]"}[39m
[38;5;46m[22e5c595][0m[38;5;86m[HTTP][0m [37m<-- POST /wd/hub/session/22e5c595-110d-457b-b0b1-677227751200/elements [39m[32m200[39m [90m39 ms - 139[39m [90m[39m
[38;5;46m[22e5c595][0m[38;5;86m[HTTP][0m [37m-->[39m [37mGET[39m [37m/wd/hub/session/22e5c595-110d-457b-b0b1-677227751200/element/00000000-0000-01c0-0000-052500000003/location[39m [90m{}[39m
[38;5;46m[22e5c595][0m[38;5;-186m[AndroidUiautomator2Driver@49d6][0m Driver proxy active, passing request on via HTTP proxy
[38;5;46m[22e5c595][0m[38;5;-186m[AndroidUiautomator2Driver@49d6][0m Replacing sessionId ad6e46f5-0e5b-43e8-a6b9-743b2874e348 with 22e5c595-110d-457b-b0b1-677227751200
[38;5;46m[22e5c595][0m[38;5;86m[HTTP][0m [37m<-- GET /wd/hub/session/22e5c595-110d-457b-b0b1-677227751200/element/00000000-0000-01c0-0000-052500000003/location [39m[32m200[39m [90m12 ms - 79[39m [90m[39m
[38;5;46m[22e5c595][0m[38;5;86m[HTTP][0m [37m-->[39m [37mGET[39m [37m/wd/hub/session/22e5c595-110d-457b-b0b1-677227751200/element/00000000-0000-01c0-0000-052500000003/size[39m [90m{}[39m
[38;5;46m[22e5c595][0m[38;5;-186m[AndroidUiautomator2Driver@49d6][0m Driver proxy active, passing request on via HTTP proxy
[38;5;46m[22e5c595][0m[38;5;-186m[AndroidUiautomator2Driver@49d6][0m Replacing sessionId ad6e46f5-0e5b-43e8-a6b9-743b2874e348 with 22e5c595-110d-457b-b0b1-677227751200
[38;5;46m[22e5c595][0m[38;5;86m[HTTP][0m [37m<-- GET /wd/hub/session/22e5c595-110d-457b-b0b1-677227751200/element/00000000-0000-01c0-0000-052500000003/size [39m[32m200[39m [90m12 ms - 87[39m [90m[39m
[38;5;46m[22e5c595][0m[38;5;86m[HTTP][0m [37m-->[39m [37mGET[39m [37m/wd/hub/session/22e5c595-110d-457b-b0b1-677227751200/window/rect[39m [90m{}[39m
[38;5;46m[22e5c595][0m[38;5;86m[HTTP][0m [37m<-- GET /wd/hub/session/22e5c595-110d-457b-b0b1-677227751200/window/rect [39m[32m200[39m [90m7 ms - 50[39m [90m[39m
[38;5;46m[22e5c595][0m[38;5;86m[HTTP][0m [37m-->[39m [37mPOST[39m [37m/wd/hub/session/22e5c595-110d-457b-b0b1-677227751200/elements[39m [90m{"using":"xpath","value":"//*[@class = 'android.view.View' and @resource-id = '' and (@text = '' or . = '') and @content-desc=\"7\"]"}[39m
[38;5;46m[22e5c595][0m[38;5;86m[HTTP][0m [37m<-- POST /wd/hub/session/22e5c595-110d-457b-b0b1-677227751200/elements [39m[32m200[39m [90m33 ms - 139[39m [90m[39m
[38;5;46m[22e5c595][0m[38;5;86m[HTTP][0m [37m-->[39m [37mGET[39m [37m/wd/hub/session/22e5c595-110d-457b-b0b1-677227751200/element/00000000-0000-01c0-0000-052500000003/location[39m [90m{}[39m
[38;5;46m[22e5c595][0m[38;5;-186m[AndroidUiautomator2Driver@49d6][0m Driver proxy active, passing request on via HTTP proxy
[38;5;46m[22e5c595][0m[38;5;-186m[AndroidUiautomator2Driver@49d6][0m Replacing sessionId ad6e46f5-0e5b-43e8-a6b9-743b2874e348 with 22e5c595-110d-457b-b0b1-677227751200
[38;5;46m[22e5c595][0m[38;5;86m[HTTP][0m [37m<-- GET /wd/hub/session/22e5c595-110d-457b-b0b1-677227751200/element/00000000-0000-01c0-0000-052500000003/location [39m[32m200[39m [90m12 ms - 79[39m [90m[39m
[38;5;46m[22e5c595][0m[38;5;86m[HTTP][0m [37m-->[39m [37mPOST[39m [37m/wd/hub/session/22e5c595-110d-457b-b0b1-677227751200/element/00000000-0000-01c0-0000-052500000003/click[39m [90m{"id":"00000000-0000-01c0-0000-052500000003"}[39m
[38;5;46m[22e5c595][0m[38;5;86m[HTTP][0m [37m<-- POST /wd/hub/session/22e5c595-110d-457b-b0b1-677227751200/element/00000000-0000-01c0-0000-052500000003/click [39m[32m200[39m [90m536 ms - 14[39m [90m[39m
[38;5;46m[22e5c595][0m[38;5;86m[HTTP][0m [37m-->[39m [37mGET[39m [37m/wd/hub/session/22e5c595-110d-457b-b0b1-677227751200/source[39m [90m{}[39m
[38;5;46m[22e5c595][0m[38;5;-186m[AndroidUiautomator2Driver@49d6][0m Driver proxy active, passing request on via HTTP proxy
[38;5;46m[22e5c595][0m[38;5;-186m[AndroidUiautomator2Driver@49d6][0m Replacing sessionId ad6e46f5-0e5b-43e8-a6b9-743b2874e348 with 22e5c595-110d-457b-b0b1-677227751200
[38;5;46m[22e5c595][0m[38;5;86m[HTTP][0m [37m<-- GET /wd/hub/session/22e5c595-110d-457b-b0b1-677227751200/source [39m[32m200[39m [90m25 ms - 9870[39m [90m[39m
[38;5;46m[22e5c595][0m[38;5;86m[HTTP][0m [37m-->[39m [37mGET[39m [37m/wd/hub/session/22e5c595-110d-457b-b0b1-677227751200/screenshot[39m [90m{}[39m
[38;5;46m[22e5c595][0m[38;5;86m[HTTP][0m [37m<-- GET /wd/hub/session/22e5c595-110d-457b-b0b1-677227751200/screenshot [39m[32m200[39m [90m261 ms - 293108[39m [90m[39m
[38;5;46m[22e5c595][0m[38;5;86m[HTTP][0m [37m-->[39m [37mGET[39m [37m/wd/hub/session/22e5c595-110d-457b-b0b1-677227751200/source[39m [90m{}[39m
[38;5;46m[22e5c595][0m[38;5;-186m[AndroidUiautomator2Driver@49d6][0m Driver proxy active, passing request on via HTTP proxy
[38;5;46m[22e5c595][0m[38;5;-186m[AndroidUiautomator2Driver@49d6][0m Replacing sessionId ad6e46f5-0e5b-43e8-a6b9-743b2874e348 with 22e5c595-110d-457b-b0b1-677227751200
[38;5;46m[22e5c595][0m[38;5;86m[HTTP][0m [37m<-- GET /wd/hub/session/22e5c595-110d-457b-b0b1-677227751200/source [39m[32m200[39m [90m23 ms - 9870[39m [90m[39m
[38;5;46m[22e5c595][0m[38;5;86m[HTTP][0m [37m-->[39m [37mGET[39m [37m/wd/hub/session/22e5c595-110d-457b-b0b1-677227751200/screenshot[39m [90m{}[39m
[38;5;46m[22e5c595][0m[38;5;86m[HTTP][0m [37m<-- GET /wd/hub/session/22e5c595-110d-457b-b0b1-677227751200/screenshot [39m[32m200[39m [90m263 ms - 293108[39m [90m[39m
[38;5;46m[22e5c595][0m[38;5;86m[HTTP][0m [37m-->[39m [37mPOST[39m [37m/wd/hub/session/22e5c595-110d-457b-b0b1-677227751200/timeouts[39m [90m{"implicit":1000}[39m
[38;5;46m[22e5c595][0m[38;5;86m[HTTP][0m [37m<-- POST /wd/hub/session/22e5c595-110d-457b-b0b1-677227751200/timeouts [39m[32m200[39m [90m1 ms - 14[39m [90m[39m
[38;5;46m[22e5c595][0m[38;5;86m[HTTP][0m [37m-->[39m [37mPOST[39m [37m/wd/hub/session/22e5c595-110d-457b-b0b1-677227751200/elements[39m [90m{"using":"xpath","value":"//*[@class = 'android.view.View' and @resource-id = '' and (@text = '' or . = '') and @content-desc=\"2\"]"}[39m
[38;5;46m[22e5c595][0m[38;5;86m[HTTP][0m [37m<-- POST /wd/hub/session/22e5c595-110d-457b-b0b1-677227751200/elements [39m[32m200[39m [90m36 ms - 139[39m [90m[39m
[38;5;46m[22e5c595][0m[38;5;86m[HTTP][0m [37m-->[39m [37mGET[39m [37m/wd/hub/session/22e5c595-110d-457b-b0b1-677227751200/element/00000000-0000-01c0-0000-052000000003/location[39m [90m{}[39m
[38;5;46m[22e5c595][0m[38;5;-186m[AndroidUiautomator2Driver@49d6][0m Driver proxy active, passing request on via HTTP proxy
[38;5;46m[22e5c595][0m[38;5;-186m[AndroidUiautomator2Driver@49d6][0m Replacing sessionId ad6e46f5-0e5b-43e8-a6b9-743b2874e348 with 22e5c595-110d-457b-b0b1-677227751200
[38;5;46m[22e5c595][0m[38;5;86m[HTTP][0m [37m<-- GET /wd/hub/session/22e5c595-110d-457b-b0b1-677227751200/element/00000000-0000-01c0-0000-052000000003/location [39m[32m200[39m [90m12 ms - 78[39m [90m[39m
[38;5;46m[22e5c595][0m[38;5;86m[HTTP][0m [37m-->[39m [37mGET[39m [37m/wd/hub/session/22e5c595-110d-457b-b0b1-677227751200/element/00000000-0000-01c0-0000-052000000003/size[39m [90m{}[39m
[38;5;46m[22e5c595][0m[38;5;-186m[AndroidUiautomator2Driver@49d6][0m Driver proxy active, passing request on via HTTP proxy
[38;5;46m[22e5c595][0m[38;5;-186m[AndroidUiautomator2Driver@49d6][0m Replacing sessionId ad6e46f5-0e5b-43e8-a6b9-743b2874e348 with 22e5c595-110d-457b-b0b1-677227751200
[38;5;46m[22e5c595][0m[38;5;86m[HTTP][0m [37m<-- GET /wd/hub/session/22e5c595-110d-457b-b0b1-677227751200/element/00000000-0000-01c0-0000-052000000003/size [39m[32m200[39m [90m12 ms - 87[39m [90m[39m
[38;5;46m[22e5c595][0m[38;5;86m[HTTP][0m [37m-->[39m [37mGET[39m [37m/wd/hub/session/22e5c595-110d-457b-b0b1-677227751200/window/rect[39m [90m{}[39m
[38;5;46m[22e5c595][0m[38;5;86m[HTTP][0m [37m<-- GET /wd/hub/session/22e5c595-110d-457b-b0b1-677227751200/window/rect [39m[32m200[39m [90m7 ms - 50[39m [90m[39m
[38;5;46m[22e5c595][0m[38;5;86m[HTTP][0m [37m-->[39m [37mPOST[39m [37m/wd/hub/session/22e5c595-110d-457b-b0b1-677227751200/elements[39m [90m{"using":"xpath","value":"//*[@class = 'android.view.View' and @resource-id = '' and (@text = '' or . = '') and @content-desc=\"2\"]"}[39m
[38;5;46m[22e5c595][0m[38;5;86m[HTTP][0m [37m<-- POST /wd/hub/session/22e5c595-110d-457b-b0b1-677227751200/elements [39m[32m200[39m [90m39 ms - 139[39m [90m[39m
[38;5;46m[22e5c595][0m[38;5;86m[HTTP][0m [37m-->[39m [37mGET[39m [37m/wd/hub/session/22e5c595-110d-457b-b0b1-677227751200/element/00000000-0000-01c0-0000-052000000003/location[39m [90m{}[39m
[38;5;46m[22e5c595][0m[38;5;-186m[AndroidUiautomator2Driver@49d6][0m Driver proxy active, passing request on via HTTP proxy
[38;5;46m[22e5c595][0m[38;5;-186m[AndroidUiautomator2Driver@49d6][0m Replacing sessionId ad6e46f5-0e5b-43e8-a6b9-743b2874e348 with 22e5c595-110d-457b-b0b1-677227751200
[38;5;46m[22e5c595][0m[38;5;86m[HTTP][0m [37m<-- GET /wd/hub/session/22e5c595-110d-457b-b0b1-677227751200/element/00000000-0000-01c0-0000-052000000003/location [39m[32m200[39m [90m13 ms - 78[39m [90m[39m
[38;5;46m[22e5c595][0m[38;5;86m[HTTP][0m [37m-->[39m [37mPOST[39m [37m/wd/hub/session/22e5c595-110d-457b-b0b1-677227751200/element/00000000-0000-01c0-0000-052000000003/click[39m [90m{"id":"00000000-0000-01c0-0000-052000000003"}[39m
[38;5;46m[22e5c595][0m[38;5;86m[HTTP][0m [37m<-- POST /wd/hub/session/22e5c595-110d-457b-b0b1-677227751200/element/00000000-0000-01c0-0000-052000000003/click [39m[32m200[39m [90m552 ms - 14[39m [90m[39m
[38;5;46m[22e5c595][0m[38;5;86m[HTTP][0m [37m-->[39m [37mGET[39m [37m/wd/hub/session/22e5c595-110d-457b-b0b1-677227751200/source[39m [90m{}[39m
[38;5;46m[22e5c595][0m[38;5;-186m[AndroidUiautomator2Driver@49d6][0m Driver proxy active, passing request on via HTTP proxy
[38;5;46m[22e5c595][0m[38;5;-186m[AndroidUiautomator2Driver@49d6][0m Replacing sessionId ad6e46f5-0e5b-43e8-a6b9-743b2874e348 with 22e5c595-110d-457b-b0b1-677227751200
[38;5;46m[22e5c595][0m[38;5;86m[HTTP][0m [37m<-- GET /wd/hub/session/22e5c595-110d-457b-b0b1-677227751200/source [39m[32m200[39m [90m20 ms - 9870[39m [90m[39m
[38;5;46m[22e5c595][0m[38;5;86m[HTTP][0m [37m-->[39m [37mGET[39m [37m/wd/hub/session/22e5c595-110d-457b-b0b1-677227751200/screenshot[39m [90m{}[39m
[38;5;46m[22e5c595][0m[38;5;86m[HTTP][0m [37m<-- GET /wd/hub/session/22e5c595-110d-457b-b0b1-677227751200/screenshot [39m[32m200[39m [90m262 ms - 293428[39m [90m[39m
[38;5;46m[22e5c595][0m[38;5;86m[HTTP][0m [37m-->[39m [37mGET[39m [37m/wd/hub/session/22e5c595-110d-457b-b0b1-677227751200/source[39m [90m{}[39m
[38;5;46m[22e5c595][0m[38;5;-186m[AndroidUiautomator2Driver@49d6][0m Driver proxy active, passing request on via HTTP proxy
[38;5;46m[22e5c595][0m[38;5;-186m[AndroidUiautomator2Driver@49d6][0m Replacing sessionId ad6e46f5-0e5b-43e8-a6b9-743b2874e348 with 22e5c595-110d-457b-b0b1-677227751200
[38;5;46m[22e5c595][0m[38;5;86m[HTTP][0m [37m<-- GET /wd/hub/session/22e5c595-110d-457b-b0b1-677227751200/source [39m[32m200[39m [90m36 ms - 9870[39m [90m[39m
[38;5;46m[22e5c595][0m[38;5;86m[HTTP][0m [37m-->[39m [37mGET[39m [37m/wd/hub/session/22e5c595-110d-457b-b0b1-677227751200/screenshot[39m [90m{}[39m
[38;5;46m[22e5c595][0m[38;5;86m[HTTP][0m [37m<-- GET /wd/hub/session/22e5c595-110d-457b-b0b1-677227751200/screenshot [39m[32m200[39m [90m258 ms - 293428[39m [90m[39m
[38;5;46m[22e5c595][0m[38;5;86m[HTTP][0m [37m-->[39m [37mPOST[39m [37m/wd/hub/session/22e5c595-110d-457b-b0b1-677227751200/timeouts[39m [90m{"implicit":1000}[39m
[38;5;46m[22e5c595][0m[38;5;86m[HTTP][0m [37m<-- POST /wd/hub/session/22e5c595-110d-457b-b0b1-677227751200/timeouts [39m[32m200[39m [90m1 ms - 14[39m [90m[39m
[38;5;46m[22e5c595][0m[38;5;86m[HTTP][0m [37m-->[39m [37mPOST[39m [37m/wd/hub/session/22e5c595-110d-457b-b0b1-677227751200/elements[39m [90m{"using":"xpath","value":"//*[@class = 'android.view.View' and @resource-id = '' and (@text = '' or . = '') and @content-desc=\"5\"]"}[39m
[38;5;46m[22e5c595][0m[38;5;86m[HTTP][0m [37m<-- POST /wd/hub/session/22e5c595-110d-457b-b0b1-677227751200/elements [39m[32m200[39m [90m40 ms - 139[39m [90m[39m
[38;5;46m[22e5c595][0m[38;5;86m[HTTP][0m [37m-->[39m [37mGET[39m [37m/wd/hub/session/22e5c595-110d-457b-b0b1-677227751200/element/00000000-0000-01c0-0000-052300000003/location[39m [90m{}[39m
[38;5;46m[22e5c595][0m[38;5;-186m[AndroidUiautomator2Driver@49d6][0m Driver proxy active, passing request on via HTTP proxy
[38;5;46m[22e5c595][0m[38;5;-186m[AndroidUiautomator2Driver@49d6][0m Replacing sessionId ad6e46f5-0e5b-43e8-a6b9-743b2874e348 with 22e5c595-110d-457b-b0b1-677227751200
[38;5;46m[22e5c595][0m[38;5;86m[HTTP][0m [37m<-- GET /wd/hub/session/22e5c595-110d-457b-b0b1-677227751200/element/00000000-0000-01c0-0000-052300000003/location [39m[32m200[39m [90m12 ms - 79[39m [90m[39m
[38;5;46m[22e5c595][0m[38;5;86m[HTTP][0m [37m-->[39m [37mGET[39m [37m/wd/hub/session/22e5c595-110d-457b-b0b1-677227751200/element/00000000-0000-01c0-0000-052300000003/size[39m [90m{}[39m
[38;5;46m[22e5c595][0m[38;5;-186m[AndroidUiautomator2Driver@49d6][0m Driver proxy active, passing request on via HTTP proxy
[38;5;46m[22e5c595][0m[38;5;-186m[AndroidUiautomator2Driver@49d6][0m Replacing sessionId ad6e46f5-0e5b-43e8-a6b9-743b2874e348 with 22e5c595-110d-457b-b0b1-677227751200
[38;5;46m[22e5c595][0m[38;5;86m[HTTP][0m [37m<-- GET /wd/hub/session/22e5c595-110d-457b-b0b1-677227751200/element/00000000-0000-01c0-0000-052300000003/size [39m[32m200[39m [90m10 ms - 87[39m [90m[39m
[38;5;46m[22e5c595][0m[38;5;86m[HTTP][0m [37m-->[39m [37mGET[39m [37m/wd/hub/session/22e5c595-110d-457b-b0b1-677227751200/window/rect[39m [90m{}[39m
[38;5;46m[22e5c595][0m[38;5;86m[HTTP][0m [37m<-- GET /wd/hub/session/22e5c595-110d-457b-b0b1-677227751200/window/rect [39m[32m200[39m [90m7 ms - 50[39m [90m[39m
[38;5;46m[22e5c595][0m[38;5;86m[HTTP][0m [37m-->[39m [37mPOST[39m [37m/wd/hub/session/22e5c595-110d-457b-b0b1-677227751200/elements[39m [90m{"using":"xpath","value":"//*[@class = 'android.view.View' and @resource-id = '' and (@text = '' or . = '') and @content-desc=\"5\"]"}[39m
[38;5;46m[22e5c595][0m[38;5;86m[HTTP][0m [37m<-- POST /wd/hub/session/22e5c595-110d-457b-b0b1-677227751200/elements [39m[32m200[39m [90m41 ms - 139[39m [90m[39m
[38;5;46m[22e5c595][0m[38;5;86m[HTTP][0m [37m-->[39m [37mGET[39m [37m/wd/hub/session/22e5c595-110d-457b-b0b1-677227751200/element/00000000-0000-01c0-0000-052300000003/location[39m [90m{}[39m
[38;5;46m[22e5c595][0m[38;5;-186m[AndroidUiautomator2Driver@49d6][0m Driver proxy active, passing request on via HTTP proxy
[38;5;46m[22e5c595][0m[38;5;-186m[AndroidUiautomator2Driver@49d6][0m Replacing sessionId ad6e46f5-0e5b-43e8-a6b9-743b2874e348 with 22e5c595-110d-457b-b0b1-677227751200
[38;5;46m[22e5c595][0m[38;5;86m[HTTP][0m [37m<-- GET /wd/hub/session/22e5c595-110d-457b-b0b1-677227751200/element/00000000-0000-01c0-0000-052300000003/location [39m[32m200[39m [90m12 ms - 79[39m [90m[39m
[38;5;46m[22e5c595][0m[38;5;86m[HTTP][0m [37m-->[39m [37mPOST[39m [37m/wd/hub/session/22e5c595-110d-457b-b0b1-677227751200/element/00000000-0000-01c0-0000-052300000003/click[39m [90m{"id":"00000000-0000-01c0-0000-052300000003"}[39m
[38;5;46m[22e5c595][0m[38;5;86m[HTTP][0m [37m<-- POST /wd/hub/session/22e5c595-110d-457b-b0b1-677227751200/element/00000000-0000-01c0-0000-052300000003/click [39m[32m200[39m [90m538 ms - 14[39m [90m[39m
[38;5;46m[22e5c595][0m[38;5;86m[HTTP][0m [37m-->[39m [37mGET[39m [37m/wd/hub/session/22e5c595-110d-457b-b0b1-677227751200/source[39m [90m{}[39m
[38;5;46m[22e5c595][0m[38;5;-186m[AndroidUiautomator2Driver@49d6][0m Driver proxy active, passing request on via HTTP proxy
[38;5;46m[22e5c595][0m[38;5;-186m[AndroidUiautomator2Driver@49d6][0m Replacing sessionId ad6e46f5-0e5b-43e8-a6b9-743b2874e348 with 22e5c595-110d-457b-b0b1-677227751200
[38;5;46m[22e5c595][0m[38;5;86m[HTTP][0m [37m<-- GET /wd/hub/session/22e5c595-110d-457b-b0b1-677227751200/source [39m[32m200[39m [90m20 ms - 9870[39m [90m[39m
[38;5;46m[22e5c595][0m[38;5;86m[HTTP][0m [37m-->[39m [37mGET[39m [37m/wd/hub/session/22e5c595-110d-457b-b0b1-677227751200/screenshot[39m [90m{}[39m
[38;5;46m[22e5c595][0m[38;5;86m[HTTP][0m [37m<-- GET /wd/hub/session/22e5c595-110d-457b-b0b1-677227751200/screenshot [39m[32m200[39m [90m256 ms - 294504[39m [90m[39m
[38;5;46m[22e5c595][0m[38;5;86m[HTTP][0m [37m-->[39m [37mGET[39m [37m/wd/hub/session/22e5c595-110d-457b-b0b1-677227751200/source[39m [90m{}[39m
[38;5;46m[22e5c595][0m[38;5;-186m[AndroidUiautomator2Driver@49d6][0m Driver proxy active, passing request on via HTTP proxy
[38;5;46m[22e5c595][0m[38;5;-186m[AndroidUiautomator2Driver@49d6][0m Replacing sessionId ad6e46f5-0e5b-43e8-a6b9-743b2874e348 with 22e5c595-110d-457b-b0b1-677227751200
[38;5;46m[22e5c595][0m[38;5;86m[HTTP][0m [37m<-- GET /wd/hub/session/22e5c595-110d-457b-b0b1-677227751200/source [39m[32m200[39m [90m21 ms - 9870[39m [90m[39m
[38;5;46m[22e5c595][0m[38;5;86m[HTTP][0m [37m-->[39m [37mGET[39m [37m/wd/hub/session/22e5c595-110d-457b-b0b1-677227751200/screenshot[39m [90m{}[39m
[38;5;46m[22e5c595][0m[38;5;86m[HTTP][0m [37m<-- GET /wd/hub/session/22e5c595-110d-457b-b0b1-677227751200/screenshot [39m[32m200[39m [90m261 ms - 295048[39m [90m[39m
[38;5;46m[22e5c595][0m[38;5;86m[HTTP][0m [37m-->[39m [37mPOST[39m [37m/wd/hub/session/22e5c595-110d-457b-b0b1-677227751200/timeouts[39m [90m{"implicit":1000}[39m
[38;5;46m[22e5c595][0m[38;5;86m[HTTP][0m [37m<-- POST /wd/hub/session/22e5c595-110d-457b-b0b1-677227751200/timeouts [39m[32m200[39m [90m1 ms - 14[39m [90m[39m
[38;5;46m[22e5c595][0m[38;5;86m[HTTP][0m [37m-->[39m [37mPOST[39m [37m/wd/hub/session/22e5c595-110d-457b-b0b1-677227751200/elements[39m [90m{"using":"xpath","value":"//*[@class = 'android.view.View' and @resource-id = '' and (@text = '' or . = '') and @content-desc=\"8\"]"}[39m
[38;5;46m[22e5c595][0m[38;5;86m[HTTP][0m [37m<-- POST /wd/hub/session/22e5c595-110d-457b-b0b1-677227751200/elements [39m[32m200[39m [90m39 ms - 139[39m [90m[39m
[38;5;46m[22e5c595][0m[38;5;86m[HTTP][0m [37m-->[39m [37mGET[39m [37m/wd/hub/session/22e5c595-110d-457b-b0b1-677227751200/element/00000000-0000-01c0-0000-052600000003/location[39m [90m{}[39m
[38;5;46m[22e5c595][0m[38;5;-186m[AndroidUiautomator2Driver@49d6][0m Driver proxy active, passing request on via HTTP proxy
[38;5;46m[22e5c595][0m[38;5;-186m[AndroidUiautomator2Driver@49d6][0m Replacing sessionId ad6e46f5-0e5b-43e8-a6b9-743b2874e348 with 22e5c595-110d-457b-b0b1-677227751200
[38;5;46m[22e5c595][0m[38;5;86m[HTTP][0m [37m<-- GET /wd/hub/session/22e5c595-110d-457b-b0b1-677227751200/element/00000000-0000-01c0-0000-052600000003/location [39m[32m200[39m [90m12 ms - 79[39m [90m[39m
[38;5;46m[22e5c595][0m[38;5;86m[HTTP][0m [37m-->[39m [37mGET[39m [37m/wd/hub/session/22e5c595-110d-457b-b0b1-677227751200/element/00000000-0000-01c0-0000-052600000003/size[39m [90m{}[39m
[38;5;46m[22e5c595][0m[38;5;-186m[AndroidUiautomator2Driver@49d6][0m Driver proxy active, passing request on via HTTP proxy
[38;5;46m[22e5c595][0m[38;5;-186m[AndroidUiautomator2Driver@49d6][0m Replacing sessionId ad6e46f5-0e5b-43e8-a6b9-743b2874e348 with 22e5c595-110d-457b-b0b1-677227751200
[38;5;46m[22e5c595][0m[38;5;86m[HTTP][0m [37m<-- GET /wd/hub/session/22e5c595-110d-457b-b0b1-677227751200/element/00000000-0000-01c0-0000-052600000003/size [39m[32m200[39m [90m11 ms - 87[39m [90m[39m
[38;5;46m[22e5c595][0m[38;5;86m[HTTP][0m [37m-->[39m [37mGET[39m [37m/wd/hub/session/22e5c595-110d-457b-b0b1-677227751200/window/rect[39m [90m{}[39m
[38;5;46m[22e5c595][0m[38;5;86m[HTTP][0m [37m<-- GET /wd/hub/session/22e5c595-110d-457b-b0b1-677227751200/window/rect [39m[32m200[39m [90m7 ms - 50[39m [90m[39m
[38;5;46m[22e5c595][0m[38;5;86m[HTTP][0m [37m-->[39m [37mPOST[39m [37m/wd/hub/session/22e5c595-110d-457b-b0b1-677227751200/elements[39m [90m{"using":"xpath","value":"//*[@class = 'android.view.View' and @resource-id = '' and (@text = '' or . = '') and @content-desc=\"8\"]"}[39m
[38;5;46m[22e5c595][0m[38;5;86m[HTTP][0m [37m<-- POST /wd/hub/session/22e5c595-110d-457b-b0b1-677227751200/elements [39m[32m200[39m [90m32 ms - 139[39m [90m[39m
[38;5;46m[22e5c595][0m[38;5;86m[HTTP][0m [37m-->[39m [37mGET[39m [37m/wd/hub/session/22e5c595-110d-457b-b0b1-677227751200/element/00000000-0000-01c0-0000-052600000003/location[39m [90m{}[39m
[38;5;46m[22e5c595][0m[38;5;-186m[AndroidUiautomator2Driver@49d6][0m Driver proxy active, passing request on via HTTP proxy
[38;5;46m[22e5c595][0m[38;5;-186m[AndroidUiautomator2Driver@49d6][0m Replacing sessionId ad6e46f5-0e5b-43e8-a6b9-743b2874e348 with 22e5c595-110d-457b-b0b1-677227751200
[38;5;46m[22e5c595][0m[38;5;86m[HTTP][0m [37m<-- GET /wd/hub/session/22e5c595-110d-457b-b0b1-677227751200/element/00000000-0000-01c0-0000-052600000003/location [39m[32m200[39m [90m13 ms - 79[39m [90m[39m
[38;5;46m[22e5c595][0m[38;5;86m[HTTP][0m [37m-->[39m [37mPOST[39m [37m/wd/hub/session/22e5c595-110d-457b-b0b1-677227751200/element/00000000-0000-01c0-0000-052600000003/click[39m [90m{"id":"00000000-0000-01c0-0000-052600000003"}[39m
[38;5;46m[22e5c595][0m[38;5;86m[HTTP][0m [37m<-- POST /wd/hub/session/22e5c595-110d-457b-b0b1-677227751200/element/00000000-0000-01c0-0000-052600000003/click [39m[32m200[39m [90m590 ms - 14[39m [90m[39m
[38;5;46m[22e5c595][0m[38;5;86m[HTTP][0m [37m-->[39m [37mGET[39m [37m/wd/hub/session/22e5c595-110d-457b-b0b1-677227751200/source[39m [90m{}[39m
[38;5;46m[22e5c595][0m[38;5;-186m[AndroidUiautomator2Driver@49d6][0m Driver proxy active, passing request on via HTTP proxy
[38;5;46m[22e5c595][0m[38;5;-186m[AndroidUiautomator2Driver@49d6][0m Replacing sessionId ad6e46f5-0e5b-43e8-a6b9-743b2874e348 with 22e5c595-110d-457b-b0b1-677227751200
[38;5;46m[22e5c595][0m[38;5;86m[HTTP][0m [37m<-- GET /wd/hub/session/22e5c595-110d-457b-b0b1-677227751200/source [39m[32m200[39m [90m602 ms - 9870[39m [90m[39m
[38;5;46m[22e5c595][0m[38;5;86m[HTTP][0m [37m-->[39m [37mGET[39m [37m/wd/hub/session/22e5c595-110d-457b-b0b1-677227751200/screenshot[39m [90m{}[39m
[38;5;46m[22e5c595][0m[38;5;86m[HTTP][0m [37m<-- GET /wd/hub/session/22e5c595-110d-457b-b0b1-677227751200/screenshot [39m[32m200[39m [90m304 ms - 296156[39m [90m[39m
[38;5;46m[22e5c595][0m[38;5;86m[HTTP][0m [37m-->[39m [37mGET[39m [37m/wd/hub/session/22e5c595-110d-457b-b0b1-677227751200/source[39m [90m{}[39m
[38;5;46m[22e5c595][0m[38;5;-186m[AndroidUiautomator2Driver@49d6][0m Driver proxy active, passing request on via HTTP proxy
[38;5;46m[22e5c595][0m[38;5;-186m[AndroidUiautomator2Driver@49d6][0m Replacing sessionId ad6e46f5-0e5b-43e8-a6b9-743b2874e348 with 22e5c595-110d-457b-b0b1-677227751200
[38;5;46m[22e5c595][0m[38;5;86m[HTTP][0m [37m<-- GET /wd/hub/session/22e5c595-110d-457b-b0b1-677227751200/source [39m[32m200[39m [90m33 ms - 19785[39m [90m[39m
[38;5;46m[22e5c595][0m[38;5;86m[HTTP][0m [37m-->[39m [37mGET[39m [37m/wd/hub/session/22e5c595-110d-457b-b0b1-677227751200/screenshot[39m [90m{}[39m
[38;5;46m[22e5c595][0m[38;5;86m[HTTP][0m [37m<-- GET /wd/hub/session/22e5c595-110d-457b-b0b1-677227751200/screenshot [39m[32m200[39m [90m316 ms - 602408[39m [90m[39m
[38;5;46m[22e5c595][0m[38;5;86m[HTTP][0m [37m-->[39m [37mGET[39m [37m/wd/hub/session/22e5c595-110d-457b-b0b1-677227751200/source[39m [90m{}[39m
[38;5;46m[22e5c595][0m[38;5;-186m[AndroidUiautomator2Driver@49d6][0m Driver proxy active, passing request on via HTTP proxy
[38;5;46m[22e5c595][0m[38;5;-186m[AndroidUiautomator2Driver@49d6][0m Replacing sessionId ad6e46f5-0e5b-43e8-a6b9-743b2874e348 with 22e5c595-110d-457b-b0b1-677227751200
[38;5;46m[22e5c595][0m[38;5;86m[HTTP][0m [37m<-- GET /wd/hub/session/22e5c595-110d-457b-b0b1-677227751200/source [39m[32m200[39m [90m33 ms - 19785[39m [90m[39m
[38;5;46m[22e5c595][0m[38;5;86m[HTTP][0m [37m-->[39m [37mGET[39m [37m/wd/hub/session/22e5c595-110d-457b-b0b1-677227751200/screenshot[39m [90m{}[39m
[38;5;46m[22e5c595][0m[38;5;86m[HTTP][0m [37m<-- GET /wd/hub/session/22e5c595-110d-457b-b0b1-677227751200/screenshot [39m[32m200[39m [90m310 ms - 602664[39m [90m[39m
[38;5;46m[22e5c595][0m[38;5;86m[HTTP][0m [37m-->[39m [37mPOST[39m [37m/wd/hub/session/22e5c595-110d-457b-b0b1-677227751200/timeouts[39m [90m{"implicit":1000}[39m
[38;5;46m[22e5c595][0m[38;5;86m[HTTP][0m [37m<-- POST /wd/hub/session/22e5c595-110d-457b-b0b1-677227751200/timeouts [39m[32m200[39m [90m1 ms - 14[39m [90m[39m
[38;5;46m[22e5c595][0m[38;5;86m[HTTP][0m [37m-->[39m [37mPOST[39m [37m/wd/hub/session/22e5c595-110d-457b-b0b1-677227751200/elements[39m [90m{"using":"xpath","value":"//*[@class = 'android.widget.ImageView' and @resource-id = '' and (@text = '' or . = '') and @content-desc=\"SIM\"]"}[39m
[38;5;46m[22e5c595][0m[38;5;86m[HTTP][0m [37m<-- POST /wd/hub/session/22e5c595-110d-457b-b0b1-677227751200/elements [39m[32m200[39m [90m46 ms - 139[39m [90m[39m
[38;5;46m[22e5c595][0m[38;5;86m[HTTP][0m [37m-->[39m [37mGET[39m [37m/wd/hub/session/22e5c595-110d-457b-b0b1-677227751200/element/00000000-0000-01c0-0000-054300000003/location[39m [90m{}[39m
[38;5;46m[22e5c595][0m[38;5;-186m[AndroidUiautomator2Driver@49d6][0m Driver proxy active, passing request on via HTTP proxy
[38;5;46m[22e5c595][0m[38;5;-186m[AndroidUiautomator2Driver@49d6][0m Replacing sessionId ad6e46f5-0e5b-43e8-a6b9-743b2874e348 with 22e5c595-110d-457b-b0b1-677227751200
[38;5;46m[22e5c595][0m[38;5;86m[HTTP][0m [37m<-- GET /wd/hub/session/22e5c595-110d-457b-b0b1-677227751200/element/00000000-0000-01c0-0000-054300000003/location [39m[32m200[39m [90m21 ms - 78[39m [90m[39m
[38;5;46m[22e5c595][0m[38;5;86m[HTTP][0m [37m-->[39m [37mGET[39m [37m/wd/hub/session/22e5c595-110d-457b-b0b1-677227751200/element/00000000-0000-01c0-0000-054300000003/size[39m [90m{}[39m
[38;5;46m[22e5c595][0m[38;5;-186m[AndroidUiautomator2Driver@49d6][0m Driver proxy active, passing request on via HTTP proxy
[38;5;46m[22e5c595][0m[38;5;-186m[AndroidUiautomator2Driver@49d6][0m Replacing sessionId ad6e46f5-0e5b-43e8-a6b9-743b2874e348 with 22e5c595-110d-457b-b0b1-677227751200
[38;5;46m[22e5c595][0m[38;5;86m[HTTP][0m [37m<-- GET /wd/hub/session/22e5c595-110d-457b-b0b1-677227751200/element/00000000-0000-01c0-0000-054300000003/size [39m[32m200[39m [90m11 ms - 87[39m [90m[39m
[38;5;46m[22e5c595][0m[38;5;86m[HTTP][0m [37m-->[39m [37mPOST[39m [37m/wd/hub/session/22e5c595-110d-457b-b0b1-677227751200/timeouts[39m [90m{"implicit":1000}[39m
[38;5;46m[22e5c595][0m[38;5;86m[HTTP][0m [37m<-- POST /wd/hub/session/22e5c595-110d-457b-b0b1-677227751200/timeouts [39m[32m200[39m [90m1 ms - 14[39m [90m[39m
[38;5;46m[22e5c595][0m[38;5;86m[HTTP][0m [37m-->[39m [37mPOST[39m [37m/wd/hub/session/22e5c595-110d-457b-b0b1-677227751200/elements[39m [90m{"using":"xpath","value":"//*[@class = 'android.widget.ImageView' and @resource-id = '' and (@text = '' or . = '') and @content-desc=\"SIM\"]"}[39m
[38;5;46m[22e5c595][0m[38;5;86m[HTTP][0m [37m<-- POST /wd/hub/session/22e5c595-110d-457b-b0b1-677227751200/elements [39m[32m200[39m [90m56 ms - 139[39m [90m[39m
[38;5;46m[22e5c595][0m[38;5;86m[HTTP][0m [37m-->[39m [37mGET[39m [37m/wd/hub/session/22e5c595-110d-457b-b0b1-677227751200/element/00000000-0000-01c0-0000-054300000003/location[39m [90m{}[39m
[38;5;46m[22e5c595][0m[38;5;-186m[AndroidUiautomator2Driver@49d6][0m Driver proxy active, passing request on via HTTP proxy
[38;5;46m[22e5c595][0m[38;5;-186m[AndroidUiautomator2Driver@49d6][0m Replacing sessionId ad6e46f5-0e5b-43e8-a6b9-743b2874e348 with 22e5c595-110d-457b-b0b1-677227751200
[38;5;46m[22e5c595][0m[38;5;86m[HTTP][0m [37m<-- GET /wd/hub/session/22e5c595-110d-457b-b0b1-677227751200/element/00000000-0000-01c0-0000-054300000003/location [39m[32m200[39m [90m10 ms - 78[39m [90m[39m
[38;5;46m[22e5c595][0m[38;5;86m[HTTP][0m [37m-->[39m [37mGET[39m [37m/wd/hub/session/22e5c595-110d-457b-b0b1-677227751200/element/00000000-0000-01c0-0000-054300000003/size[39m [90m{}[39m
[38;5;46m[22e5c595][0m[38;5;-186m[AndroidUiautomator2Driver@49d6][0m Driver proxy active, passing request on via HTTP proxy
[38;5;46m[22e5c595][0m[38;5;-186m[AndroidUiautomator2Driver@49d6][0m Replacing sessionId ad6e46f5-0e5b-43e8-a6b9-743b2874e348 with 22e5c595-110d-457b-b0b1-677227751200
[38;5;46m[22e5c595][0m[38;5;86m[HTTP][0m [37m<-- GET /wd/hub/session/22e5c595-110d-457b-b0b1-677227751200/element/00000000-0000-01c0-0000-054300000003/size [39m[32m200[39m [90m12 ms - 87[39m [90m[39m
[38;5;46m[22e5c595][0m[38;5;86m[HTTP][0m [37m-->[39m [37mDELETE[39m [37m/wd/hub/session/22e5c595-110d-457b-b0b1-677227751200[39m [90m{}[39m
[38;5;46m[22e5c595][0m[38;5;62m[AppiumDriver@f0db][0m Removing session 22e5c595-110d-457b-b0b1-677227751200 from our master session list
[38;5;46m[22e5c595][0m[38;5;-186m[AndroidUiautomator2Driver@49d6][0m Restoring hidden api policy to the device default configuration
[38;5;46m[22e5c595][0m[38;5;86m[HTTP][0m [37m<-- DELETE /wd/hub/session/22e5c595-110d-457b-b0b1-677227751200 [39m[32m200[39m [90m307 ms - 14[39m [90m[39m
